#2025 12 26 07:15:24.763#Z#INFO#a5dbbb41-e22a-11f0-9a68-eeee0a97013d.OPERATION#http-nio-0.0.0.0-8080-exec-10#
[XS2StartProcessListener] Operation ID: a5dbbb41-e22a-11f0-9a68-eeee0a97013d#
#2025 12 26 07:15:24.794#Z#DEBUG#a5dbbb41-e22a-11f0-9a68-eeee0a97013d.OPERATION#http-nio-0.0.0.0-8080-exec-10#
[XS2StartProcessListener] Process environment: {
  "SKIP_SSL_VALIDATION" : "false",
  "FLOWABLE_JOB_EXECUTOR_MAX_THREADS" : "32",
  "VERSION" : "2.37.4",
  "BASIC_AUTH_ENABLED" : "true",
  "FLOWABLE_JOB_EXECUTOR_QUEUE_CAPACITY" : "16",
  "FLOWABLE_JOB_EXECUTOR_CORE_THREADS" : "8"
}#
#2025 12 26 07:15:24.794#Z#DEBUG#a5dbbb41-e22a-11f0-9a68-eeee0a97013d.OPERATION#http-nio-0.0.0.0-8080-exec-10#
[XS2StartProcessListener] Current user: raviyashaswi25@gmail.com#
#2025 12 26 07:15:24.794#Z#DEBUG#a5dbbb41-e22a-11f0-9a68-eeee0a97013d.OPERATION#http-nio-0.0.0.0-8080-exec-10#
[XS2StartProcessListener] Client space: dev#
#2025 12 26 07:15:24.794#Z#DEBUG#a5dbbb41-e22a-11f0-9a68-eeee0a97013d.OPERATION#http-nio-0.0.0.0-8080-exec-10#
[XS2StartProcessListener] Client organization: f4e65a4ctrial#
#2025 12 26 07:15:24.795#Z#INFO#a5dbbb41-e22a-11f0-9a68-eeee0a97013d.OPERATION#http-nio-0.0.0.0-8080-exec-10#
[XS2StartProcessListener] Process variables: {
  "abortOnError" : false,
  "mtaId" : "Hello",
  "keepFiles" : false,
  "versionRule" : "ALL",
  "noFailOnMissingPermissions" : false,
  "skipAppDigestCalculation" : false,
  "deleteServiceBrokers" : false,
  "appArchiveId" : "bccfd191-1e0c-4ca7-8fc6-f296390f5426",
  "deleteServiceKeys" : false,
  "noRestartSubscribedApps" : false,
  "noStart" : false,
  "deleteServices" : false
}#
#2025 12 26 07:15:24.871#Z#DEBUG#a5dbbb41-e22a-11f0-9a68-eeee0a97013d.OPERATION#flowable-async-job-executor-thread-7182#
[ValidateDeployParametersStep] Executing task "validateParametersTask" of process "a5dbbb63-e22a-11f0-9a68-eeee0a97013d"...#
#2025 12 26 07:15:24.871#Z#DEBUG#a5dbbb41-e22a-11f0-9a68-eeee0a97013d.OPERATION#flowable-async-job-executor-thread-7182#
[ValidateDeployParametersStep] Validating parameters...#
#2025 12 26 07:15:24.875#Z#INFO#a5dbbb41-e22a-11f0-9a68-eeee0a97013d.OPERATION#flowable-async-job-executor-thread-7182#
[ValidateDeployParametersStep] Size of mtars is 2,621,936 and size of extension descriptors is 0#
#2025 12 26 07:15:24.903#Z#INFO#a5dbbb41-e22a-11f0-9a68-eeee0a97013d.OPERATION#flowable-async-job-executor-thread-7182#
[ValidateDeployParametersStep] Archive was not split! Total size in bytes: 2,621,936#
#2025 12 26 07:15:24.903#Z#INFO#a5dbbb41-e22a-11f0-9a68-eeee0a97013d.OPERATION#flowable-async-job-executor-thread-7182#
[ValidateDeployParametersStep] Deploying in org "f4e65a4ctrial" and space "dev"#
#2025 12 26 07:15:24.911#Z#DEBUG#a5dbbb41-e22a-11f0-9a68-eeee0a97013d.OPERATION#flowable-async-job-executor-thread-7182#
[ValidateDeployParametersStep] Parameters validated#
#2025 12 26 07:15:24.911#Z#DEBUG#a5dbbb41-e22a-11f0-9a68-eeee0a97013d.OPERATION#flowable-async-job-executor-thread-7182#
Step "Validate Parameters" finished#
#2025 12 26 07:15:24.959#Z#DEBUG#a5dbbb41-e22a-11f0-9a68-eeee0a97013d.OPERATION#flowable-async-job-executor-thread-7183#
[DeleteRemainingFileParts] Executing task "deleteRemainingFileParts" of process "a5dbbb63-e22a-11f0-9a68-eeee0a97013d"...#
#2025 12 26 07:15:24.961#Z#DEBUG#a5dbbb41-e22a-11f0-9a68-eeee0a97013d.OPERATION#flowable-async-job-executor-thread-7183#
Step "Delete Remaining File Parts" finished#
#2025 12 26 07:15:25.007#Z#DEBUG#a5dbbb41-e22a-11f0-9a68-eeee0a97013d.OPERATION#flowable-async-job-executor-thread-7184#
[XS2ProcessMtaArchiveStep] Executing task "processArchiveTask" of process "a5dbbb63-e22a-11f0-9a68-eeee0a97013d"...#
#2025 12 26 07:15:25.008#Z#DEBUG#a5dbbb41-e22a-11f0-9a68-eeee0a97013d.OPERATION#flowable-async-job-executor-thread-7184#
[XS2ProcessMtaArchiveStep] Processing MTA archive...#
#2025 12 26 07:15:25.008#Z#DEBUG#a5dbbb41-e22a-11f0-9a68-eeee0a97013d.OPERATION#flowable-async-job-executor-thread-7184#
[XS2ProcessMtaArchiveStep] MTA Archive ID: bccfd191-1e0c-4ca7-8fc6-f296390f5426#
#2025 12 26 07:15:25.166#Z#DEBUG#a5dbbb41-e22a-11f0-9a68-eeee0a97013d.OPERATION#flowable-async-job-executor-thread-7184#
[XS2ProcessMtaArchiveStep] MTA Descriptor length: 453#
#2025 12 26 07:15:25.166#Z#DEBUG#a5dbbb41-e22a-11f0-9a68-eeee0a97013d.OPERATION#flowable-async-job-executor-thread-7184#
[XS2ProcessMtaArchiveStep] MTA Archive Modules: [Hello-srv]#
#2025 12 26 07:15:25.166#Z#DEBUG#a5dbbb41-e22a-11f0-9a68-eeee0a97013d.OPERATION#flowable-async-job-executor-thread-7184#
[XS2ProcessMtaArchiveStep] MTA Archive Requires: []#
#2025 12 26 07:15:25.166#Z#DEBUG#a5dbbb41-e22a-11f0-9a68-eeee0a97013d.OPERATION#flowable-async-job-executor-thread-7184#
[XS2ProcessMtaArchiveStep] MTA Archive Resources: []#
#2025 12 26 07:15:25.178#Z#DEBUG#a5dbbb41-e22a-11f0-9a68-eeee0a97013d.OPERATION#flowable-async-job-executor-thread-7184#
[XS2ProcessMtaArchiveStep] MTA archive processed#
#2025 12 26 07:15:25.178#Z#DEBUG#a5dbbb41-e22a-11f0-9a68-eeee0a97013d.OPERATION#flowable-async-job-executor-thread-7184#
Step "Process Archive" finished#
#2025 12 26 07:15:25.237#Z#DEBUG#a5dbbb41-e22a-11f0-9a68-eeee0a97013d.OPERATION#flowable-async-job-executor-thread-7185#
[ProcessMtaExtensionDescriptorsStep] Executing task "processExtensionDescriptorsTask" of process "a5dbbb63-e22a-11f0-9a68-eeee0a97013d"...#
#2025 12 26 07:15:25.238#Z#DEBUG#a5dbbb41-e22a-11f0-9a68-eeee0a97013d.OPERATION#flowable-async-job-executor-thread-7185#
[ProcessMtaExtensionDescriptorsStep] Processing MTA extension descriptors...#
#2025 12 26 07:15:25.238#Z#DEBUG#a5dbbb41-e22a-11f0-9a68-eeee0a97013d.OPERATION#flowable-async-job-executor-thread-7185#
[ProcessMtaExtensionDescriptorsStep] Provided extension descriptors: [ ]#
#2025 12 26 07:15:25.238#Z#DEBUG#a5dbbb41-e22a-11f0-9a68-eeee0a97013d.OPERATION#flowable-async-job-executor-thread-7185#
[ProcessMtaExtensionDescriptorsStep] No extension descriptors in use#
#2025 12 26 07:15:25.238#Z#DEBUG#a5dbbb41-e22a-11f0-9a68-eeee0a97013d.OPERATION#flowable-async-job-executor-thread-7185#
[ProcessMtaExtensionDescriptorsStep] MTA extension descriptors processed#
#2025 12 26 07:15:25.238#Z#DEBUG#a5dbbb41-e22a-11f0-9a68-eeee0a97013d.OPERATION#flowable-async-job-executor-thread-7185#
Step "Process Extension Descriptors" finished#
#2025 12 26 07:15:25.288#Z#DEBUG#a5dbbb41-e22a-11f0-9a68-eeee0a97013d.OPERATION#flowable-async-job-executor-thread-7186#
[DetectMtaSchemaVersionStep] Executing task "detectSchemaVersionTask" of process "a5dbbb63-e22a-11f0-9a68-eeee0a97013d"...#
#2025 12 26 07:15:25.290#Z#DEBUG#a5dbbb41-e22a-11f0-9a68-eeee0a97013d.OPERATION#flowable-async-job-executor-thread-7186#
[DetectMtaSchemaVersionStep] Detecting MTA major schema version...#
#2025 12 26 07:15:25.291#Z#INFO#a5dbbb41-e22a-11f0-9a68-eeee0a97013d.OPERATION#flowable-async-job-executor-thread-7186#
[DetectMtaSchemaVersionStep] Detected MTA schema version: "3"#
#2025 12 26 07:15:25.300#Z#DEBUG#a5dbbb41-e22a-11f0-9a68-eeee0a97013d.OPERATION#flowable-async-job-executor-thread-7186#
Step "Detect Schema Version" finished#
#2025 12 26 07:15:25.347#Z#DEBUG#a5dbbb41-e22a-11f0-9a68-eeee0a97013d.OPERATION#flowable-async-job-executor-thread-7187#
[MergeDescriptorsStep] Executing task "mergeDescriptorsTask" of process "a5dbbb63-e22a-11f0-9a68-eeee0a97013d"...#
#2025 12 26 07:15:25.348#Z#DEBUG#a5dbbb41-e22a-11f0-9a68-eeee0a97013d.OPERATION#flowable-async-job-executor-thread-7187#
[MergeDescriptorsStep] Validating and merging descriptors...#
#2025 12 26 07:15:25.350#Z#DEBUG#a5dbbb41-e22a-11f0-9a68-eeee0a97013d.OPERATION#flowable-async-job-executor-thread-7187#
[MergeDescriptorsStep] Merged deployment descriptor: {
  "majorSchemaVersion" : 3,
  "schemaVersion" : "3.3.0",
  "id" : "Hello",
  "version" : "1.0.0",
  "modules" : [ {
    "majorSchemaVersion" : 3,
    "name" : "Hello-srv",
    "type" : "javascript.nodejs",
    "path" : "Hello-srv",
    "properties" : { },
    "parameters" : {
      "buildpack" : "nodejs_buildpack",
      "instances" : 1
    },
    "requiredDependencies" : [ ],
    "providedDependencies" : [ {
      "majorSchemaVersion" : 3,
      "name" : "srv-api",
      "isPublic" : false,
      "properties" : {
        "srv-url" : "${default-url}"
      },
      "parameters" : { },
      "propertiesMetadata" : {
        "metadata" : { }
      },
      "parametersMetadata" : {
        "metadata" : { }
      }
    }, {
      "majorSchemaVersion" : 3,
      "name" : "Hello-srv",
      "isPublic" : false,
      "properties" : { },
      "parameters" : { },
      "propertiesMetadata" : {
        "metadata" : { }
      },
      "parametersMetadata" : {
        "metadata" : { }
      }
    } ],
    "propertiesMetadata" : {
      "metadata" : { }
    },
    "parametersMetadata" : {
      "metadata" : { }
    },
    "hooks" : [ ]
  } ],
  "resources" : [ ],
  "parameters" : {
    "enable-parallel-deployments" : true
  },
  "parametersMetadata" : {
    "metadata" : { }
  }
}#
#2025 12 26 07:15:25.351#Z#DEBUG#a5dbbb41-e22a-11f0-9a68-eeee0a97013d.OPERATION#flowable-async-job-executor-thread-7187#
[MergeDescriptorsStep] Descriptors validated and merged#
#2025 12 26 07:15:25.351#Z#DEBUG#a5dbbb41-e22a-11f0-9a68-eeee0a97013d.OPERATION#flowable-async-job-executor-thread-7187#
Step "Merge Descriptors" finished#
#2025 12 26 07:15:25.394#Z#DEBUG#a5dbbb41-e22a-11f0-9a68-eeee0a97013d.OPERATION#flowable-async-job-executor-thread-7188#
[DetectDeployedMtaStep] Executing task "detectDeployedMtaTask" of process "a5dbbb63-e22a-11f0-9a68-eeee0a97013d"...#
#2025 12 26 07:15:25.395#Z#DEBUG#a5dbbb41-e22a-11f0-9a68-eeee0a97013d.OPERATION#flowable-async-job-executor-thread-7188#
[DetectDeployedMtaStep] Detecting deployed MTA...#
#2025 12 26 07:15:25.478#Z#DEBUG#a5dbbb41-e22a-11f0-9a68-eeee0a97013d.OPERATION#flowable-async-job-executor-thread-7188#
[DetectDeployedMtaStep] Detecting MTA by id Hello and namespace null#
#2025 12 26 07:15:25.478#Z#DEBUG#a5dbbb41-e22a-11f0-9a68-eeee0a97013d.OPERATION#flowable-async-job-executor-thread-7188#
[DetectDeployedMtaStep] Getting applications by metadata label selector "mta_id=8b1a9953c4611296a827abf8c47804d7,!mta_namespace"...#
#2025 12 26 07:15:25.541#Z#DEBUG#a5dbbb41-e22a-11f0-9a68-eeee0a97013d.OPERATION#flowable-async-job-executor-thread-7188#
[DetectDeployedMtaStep] Getting service instances by metadata label selector "mta_id=8b1a9953c4611296a827abf8c47804d7,!mta_namespace"...#
#2025 12 26 07:15:25.572#Z#INFO#a5dbbb41-e22a-11f0-9a68-eeee0a97013d.OPERATION#flowable-async-job-executor-thread-7188#
[DetectDeployedMtaStep] No deployed MTA detected - this is initial deployment of MTA with ID "Hello"#
#2025 12 26 07:15:25.580#Z#DEBUG#a5dbbb41-e22a-11f0-9a68-eeee0a97013d.OPERATION#flowable-async-job-executor-thread-7188#
[DetectDeployedMtaStep] Detecting backup mta by id "Hello" and namespace "null"#
#2025 12 26 07:15:25.581#Z#DEBUG#a5dbbb41-e22a-11f0-9a68-eeee0a97013d.OPERATION#flowable-async-job-executor-thread-7188#
[DetectDeployedMtaStep] Getting applications by metadata label selector "mta_id=8b1a9953c4611296a827abf8c47804d7,mta_namespace=b698114a0995e936895b9598a6c19a2c"...#
#2025 12 26 07:15:25.628#Z#DEBUG#a5dbbb41-e22a-11f0-9a68-eeee0a97013d.OPERATION#flowable-async-job-executor-thread-7188#
[DetectDeployedMtaStep] Getting service instances by metadata label selector "mta_id=8b1a9953c4611296a827abf8c47804d7,mta_namespace=b698114a0995e936895b9598a6c19a2c"...#
#2025 12 26 07:15:26.254#Z#DEBUG#a5dbbb41-e22a-11f0-9a68-eeee0a97013d.OPERATION#flowable-async-job-executor-thread-7188#
[DetectDeployedMtaStep] Deployed MTA service keys: [ ]#
#2025 12 26 07:15:26.254#Z#DEBUG#a5dbbb41-e22a-11f0-9a68-eeee0a97013d.OPERATION#flowable-async-job-executor-thread-7188#
Step "Detect Deployed MTA" finished#
#2025 12 26 07:15:26.306#Z#DEBUG#a5dbbb41-e22a-11f0-9a68-eeee0a97013d.OPERATION#flowable-async-job-executor-thread-7182#
[XS2CollectSystemParametersStep] Executing task "collectSystemParametersTask" of process "a5dbbb63-e22a-11f0-9a68-eeee0a97013d"...#
#2025 12 26 07:15:26.307#Z#DEBUG#a5dbbb41-e22a-11f0-9a68-eeee0a97013d.OPERATION#flowable-async-job-executor-thread-7182#
[XS2CollectSystemParametersStep] Collecting system parameters...#
#2025 12 26 07:15:26.307#Z#DEBUG#a5dbbb41-e22a-11f0-9a68-eeee0a97013d.OPERATION#flowable-async-job-executor-thread-7182#
[XS2CollectSystemParametersStep] Getting default domain...#
#2025 12 26 07:15:26.337#Z#DEBUG#a5dbbb41-e22a-11f0-9a68-eeee0a97013d.OPERATION#flowable-async-job-executor-thread-7182#
[XS2CollectSystemParametersStep] Default domain: cfapps.us10-001.hana.ondemand.com#
#2025 12 26 07:15:26.337#Z#DEBUG#a5dbbb41-e22a-11f0-9a68-eeee0a97013d.OPERATION#flowable-async-job-executor-thread-7182#
[XS2CollectSystemParametersStep] Checking for overwriting read-only parameters for mta with id: "Hello"#
#2025 12 26 07:15:26.337#Z#DEBUG#a5dbbb41-e22a-11f0-9a68-eeee0a97013d.OPERATION#flowable-async-job-executor-thread-7182#
[XS2CollectSystemParametersStep] No read-only parameters are overwritten#
#2025 12 26 07:15:26.350#Z#DEBUG#a5dbbb41-e22a-11f0-9a68-eeee0a97013d.OPERATION#flowable-async-job-executor-thread-7182#
[XS2CollectSystemParametersStep] Descriptor with system parameters: {
  "majorSchemaVersion" : 3,
  "schemaVersion" : "3.3.0",
  "id" : "Hello",
  "version" : "1.0.0",
  "modules" : [ {
    "majorSchemaVersion" : 3,
    "name" : "Hello-srv",
    "type" : "javascript.nodejs",
    "path" : "Hello-srv",
    "properties" : { },
    "parameters" : {
      "default-url" : "${protocol}://${default-uri}",
      "default-app-name" : "Hello-srv",
      "generated-password" : "********",
      "default-live-url" : "${protocol}://${default-live-uri}",
      "default-uri" : "${host}.${domain}",
      "default-instances" : 1,
      "default-live-host" : "f4e65a4ctrial-dev-hello-srv",
      "instances" : 1,
      "buildpack" : "nodejs_buildpack",
      "default-host" : "f4e65a4ctrial-dev-hello-srv",
      "app-name" : "${default-app-name}",
      "default-live-uri" : "f4e65a4ctrial-dev-hello-srv.${domain}",
      "protocol" : "https",
      "default-live-app-name" : "Hello-srv",
      "default-live-domain" : "cfapps.us10-001.hana.ondemand.com",
      "domain" : "${default-domain}",
      "host" : "${default-host}",
      "generated-user" : "********"
    },
    "requiredDependencies" : [ ],
    "providedDependencies" : [ {
      "majorSchemaVersion" : 3,
      "name" : "srv-api",
      "isPublic" : false,
      "properties" : {
        "srv-url" : "${default-url}"
      },
      "parameters" : { },
      "propertiesMetadata" : {
        "metadata" : { }
      },
      "parametersMetadata" : {
        "metadata" : { }
      }
    }, {
      "majorSchemaVersion" : 3,
      "name" : "Hello-srv",
      "isPublic" : false,
      "properties" : { },
      "parameters" : { },
      "propertiesMetadata" : {
        "metadata" : { }
      },
      "parametersMetadata" : {
        "metadata" : { }
      }
    } ],
    "propertiesMetadata" : {
      "metadata" : { }
    },
    "parametersMetadata" : {
      "metadata" : { }
    },
    "hooks" : [ ]
  } ],
  "resources" : [ ],
  "parameters" : {
    "mta-id" : "Hello",
    "authorization-url" : "********",
    "org-guid" : "fad1f135-fb33-4490-b033-dd385f8afd7c",
    "org" : "f4e65a4ctrial",
    "deploy-target" : "f4e65a4ctrial dev",
    "enable-parallel-deployments" : true,
    "space" : "dev",
    "xs-api-url" : "https://api.cf.us10-001.hana.ondemand.com",
    "deploy-url" : "deploy-service.cfapps.us10-001.hana.ondemand.com",
    "xs-type" : "CF",
    "default-domain" : "cfapps.us10-001.hana.ondemand.com",
    "mta-version" : "1.0.0",
    "xs-auth-url" : "********",
    "space-guid" : "6f495513-57aa-420e-a34d-15385dad5840",
    "user" : "********",
    "controller-url" : "https://api.cf.us10-001.hana.ondemand.com",
    "timestamp" : "20251226071524"
  },
  "parametersMetadata" : {
    "metadata" : { }
  }
}#
#2025 12 26 07:15:26.350#Z#DEBUG#a5dbbb41-e22a-11f0-9a68-eeee0a97013d.OPERATION#flowable-async-job-executor-thread-7182#
[XS2CollectSystemParametersStep] Version rule: ALL#
#2025 12 26 07:15:26.350#Z#INFO#a5dbbb41-e22a-11f0-9a68-eeee0a97013d.OPERATION#flowable-async-job-executor-thread-7182#
[XS2CollectSystemParametersStep] Detected new MTA version: "1.0.0"#
#2025 12 26 07:15:26.358#Z#DEBUG#a5dbbb41-e22a-11f0-9a68-eeee0a97013d.OPERATION#flowable-async-job-executor-thread-7182#
[XS2CollectSystemParametersStep] MTA accepted for deployment#
#2025 12 26 07:15:26.358#Z#DEBUG#a5dbbb41-e22a-11f0-9a68-eeee0a97013d.OPERATION#flowable-async-job-executor-thread-7182#
[XS2CollectSystemParametersStep] System parameters collected#
#2025 12 26 07:15:26.358#Z#DEBUG#a5dbbb41-e22a-11f0-9a68-eeee0a97013d.OPERATION#flowable-async-job-executor-thread-7182#
Step "Collect System Parameters" finished#
#2025 12 26 07:15:26.403#Z#DEBUG#a5dbbb41-e22a-11f0-9a68-eeee0a97013d.OPERATION#flowable-async-job-executor-thread-7182#
[ProcessDescriptorStep] Executing task "processDescriptorTask" of process "a5dbbb63-e22a-11f0-9a68-eeee0a97013d"...#
#2025 12 26 07:15:26.405#Z#DEBUG#a5dbbb41-e22a-11f0-9a68-eeee0a97013d.OPERATION#flowable-async-job-executor-thread-7182#
[ProcessDescriptorStep] Resolving properties and parameters in merged descriptor...#
#2025 12 26 07:15:26.405#Z#DEBUG#a5dbbb41-e22a-11f0-9a68-eeee0a97013d.OPERATION#flowable-async-job-executor-thread-7182#
[ProcessDescriptorStep] Subscriptions: [ ]#
#2025 12 26 07:15:26.406#Z#DEBUG#a5dbbb41-e22a-11f0-9a68-eeee0a97013d.OPERATION#flowable-async-job-executor-thread-7182#
[ProcessDescriptorStep] MTA modules: [Hello-srv]#
#2025 12 26 07:15:26.406#Z#DEBUG#a5dbbb41-e22a-11f0-9a68-eeee0a97013d.OPERATION#flowable-async-job-executor-thread-7182#
[ProcessDescriptorStep] Resolved deployment descriptor: {
  "majorSchemaVersion" : 3,
  "schemaVersion" : "3.3.0",
  "id" : "Hello",
  "version" : "1.0.0",
  "modules" : [ {
    "majorSchemaVersion" : 3,
    "name" : "Hello-srv",
    "type" : "javascript.nodejs",
    "path" : "Hello-srv",
    "properties" : { },
    "parameters" : {
      "default-url" : "https://f4e65a4ctrial-dev-hello-srv.cfapps.us10-001.hana.ondemand.com",
      "default-app-name" : "Hello-srv",
      "generated-password" : "********",
      "default-live-url" : "https://f4e65a4ctrial-dev-hello-srv.cfapps.us10-001.hana.ondemand.com",
      "default-uri" : "f4e65a4ctrial-dev-hello-srv.cfapps.us10-001.hana.ondemand.com",
      "default-instances" : 1,
      "default-live-host" : "f4e65a4ctrial-dev-hello-srv",
      "instances" : 1,
      "buildpack" : "nodejs_buildpack",
      "default-host" : "f4e65a4ctrial-dev-hello-srv",
      "app-name" : "Hello-srv",
      "default-live-uri" : "f4e65a4ctrial-dev-hello-srv.cfapps.us10-001.hana.ondemand.com",
      "protocol" : "https",
      "default-live-app-name" : "Hello-srv",
      "default-live-domain" : "cfapps.us10-001.hana.ondemand.com",
      "domain" : "cfapps.us10-001.hana.ondemand.com",
      "host" : "f4e65a4ctrial-dev-hello-srv",
      "generated-user" : "********"
    },
    "requiredDependencies" : [ ],
    "providedDependencies" : [ {
      "majorSchemaVersion" : 3,
      "name" : "srv-api",
      "isPublic" : false,
      "properties" : {
        "srv-url" : "https://f4e65a4ctrial-dev-hello-srv.cfapps.us10-001.hana.ondemand.com"
      },
      "parameters" : { },
      "propertiesMetadata" : {
        "metadata" : { }
      },
      "parametersMetadata" : {
        "metadata" : { }
      }
    }, {
      "majorSchemaVersion" : 3,
      "name" : "Hello-srv",
      "isPublic" : false,
      "properties" : { },
      "parameters" : { },
      "propertiesMetadata" : {
        "metadata" : { }
      },
      "parametersMetadata" : {
        "metadata" : { }
      }
    } ],
    "propertiesMetadata" : {
      "metadata" : { }
    },
    "parametersMetadata" : {
      "metadata" : { }
    },
    "hooks" : [ ]
  } ],
  "resources" : [ ],
  "parameters" : {
    "mta-id" : "Hello",
    "authorization-url" : "********",
    "org-guid" : "fad1f135-fb33-4490-b033-dd385f8afd7c",
    "org" : "f4e65a4ctrial",
    "deploy-target" : "f4e65a4ctrial dev",
    "enable-parallel-deployments" : true,
    "region-primary-domain" : "us10.hana.ondemand.com",
    "space" : "dev",
    "region-domain" : "us10-001.hana.ondemand.com",
    "xs-api-url" : "https://api.cf.us10-001.hana.ondemand.com",
    "deploy-url" : "deploy-service.cfapps.us10-001.hana.ondemand.com",
    "xs-type" : "CF",
    "default-domain" : "cfapps.us10-001.hana.ondemand.com",
    "mta-version" : "1.0.0",
    "xs-auth-url" : "********",
    "space-guid" : "6f495513-57aa-420e-a34d-15385dad5840",
    "user" : "********",
    "controller-url" : "https://api.cf.us10-001.hana.ondemand.com",
    "timestamp" : "20251226071524"
  },
  "parametersMetadata" : {
    "metadata" : { }
  }
}#
#2025 12 26 07:15:26.406#Z#DEBUG#a5dbbb41-e22a-11f0-9a68-eeee0a97013d.OPERATION#flowable-async-job-executor-thread-7182#
[ProcessDescriptorStep] Merged descriptor properties and parameters resolved#
#2025 12 26 07:15:26.406#Z#DEBUG#a5dbbb41-e22a-11f0-9a68-eeee0a97013d.OPERATION#flowable-async-job-executor-thread-7182#
Step "Process Descriptor Step" finished#
#2025 12 26 07:15:26.458#Z#DEBUG#a5dbbb41-e22a-11f0-9a68-eeee0a97013d.OPERATION#flowable-async-job-executor-thread-7184#
[XS2BuildCloudDeployModelStep] Executing task "buildDeployModelTask" of process "a5dbbb63-e22a-11f0-9a68-eeee0a97013d"...#
#2025 12 26 07:15:26.459#Z#DEBUG#a5dbbb41-e22a-11f0-9a68-eeee0a97013d.OPERATION#flowable-async-job-executor-thread-7184#
[XS2BuildCloudDeployModelStep] Service keys defined for content deployment grouped by service name: { }#
#2025 12 26 07:15:26.459#Z#DEBUG#a5dbbb41-e22a-11f0-9a68-eeee0a97013d.OPERATION#flowable-async-job-executor-thread-7184#
[XS2BuildCloudDeployModelStep] Building cloud deployment model...#
#2025 12 26 07:15:26.461#Z#DEBUG#a5dbbb41-e22a-11f0-9a68-eeee0a97013d.OPERATION#flowable-async-job-executor-thread-7184#
[XS2BuildCloudDeployModelStep] MTA archive modules: [Hello-srv]#
#2025 12 26 07:15:26.461#Z#DEBUG#a5dbbb41-e22a-11f0-9a68-eeee0a97013d.OPERATION#flowable-async-job-executor-thread-7184#
[XS2BuildCloudDeployModelStep] Deployed modules: []#
#2025 12 26 07:15:26.462#Z#DEBUG#a5dbbb41-e22a-11f0-9a68-eeee0a97013d.OPERATION#flowable-async-job-executor-thread-7184#
[XS2BuildCloudDeployModelStep] MTA modules: [Hello-srv]#
#2025 12 26 07:15:26.462#Z#DEBUG#a5dbbb41-e22a-11f0-9a68-eeee0a97013d.OPERATION#flowable-async-job-executor-thread-7184#
[XS2BuildCloudDeployModelStep] Service keys to create: { }#
#2025 12 26 07:15:26.463#Z#DEBUG#a5dbbb41-e22a-11f0-9a68-eeee0a97013d.OPERATION#flowable-async-job-executor-thread-7184#
[XS2BuildCloudDeployModelStep] Modules to deploy: [{
  "majorSchemaVersion" : 3,
  "name" : "Hello-srv",
  "type" : "javascript.nodejs",
  "path" : "Hello-srv",
  "properties" : { },
  "parameters" : {
    "default-url" : "https://f4e65a4ctrial-dev-hello-srv.cfapps.us10-001.hana.ondemand.com",
    "default-app-name" : "Hello-srv",
    "generated-password" : "********",
    "default-live-url" : "https://f4e65a4ctrial-dev-hello-srv.cfapps.us10-001.hana.ondemand.com",
    "default-uri" : "f4e65a4ctrial-dev-hello-srv.cfapps.us10-001.hana.ondemand.com",
    "default-instances" : 1,
    "default-live-host" : "f4e65a4ctrial-dev-hello-srv",
    "instances" : 1,
    "buildpack" : "nodejs_buildpack",
    "default-host" : "f4e65a4ctrial-dev-hello-srv",
    "app-name" : "Hello-srv",
    "default-live-uri" : "f4e65a4ctrial-dev-hello-srv.cfapps.us10-001.hana.ondemand.com",
    "protocol" : "https",
    "default-live-app-name" : "Hello-srv",
    "default-live-domain" : "cfapps.us10-001.hana.ondemand.com",
    "dependency-type" : "soft",
    "domain" : "cfapps.us10-001.hana.ondemand.com",
    "host" : "f4e65a4ctrial-dev-hello-srv",
    "generated-user" : "********"
  },
  "requiredDependencies" : [ ],
  "providedDependencies" : [ {
    "majorSchemaVersion" : 3,
    "name" : "srv-api",
    "isPublic" : false,
    "properties" : {
      "srv-url" : "https://f4e65a4ctrial-dev-hello-srv.cfapps.us10-001.hana.ondemand.com"
    },
    "parameters" : { },
    "propertiesMetadata" : {
      "metadata" : { }
    },
    "parametersMetadata" : {
      "metadata" : { }
    }
  }, {
    "majorSchemaVersion" : 3,
    "name" : "Hello-srv",
    "isPublic" : false,
    "properties" : { },
    "parameters" : { },
    "propertiesMetadata" : {
      "metadata" : { }
    },
    "parametersMetadata" : {
      "metadata" : { }
    }
  } ],
  "propertiesMetadata" : {
    "metadata" : { }
  },
  "parametersMetadata" : {
    "metadata" : { }
  },
  "deployedAfter" : [ ],
  "hooks" : [ ]
}]#
#2025 12 26 07:15:26.463#Z#DEBUG#a5dbbb41-e22a-11f0-9a68-eeee0a97013d.OPERATION#flowable-async-job-executor-thread-7184#
[XS2BuildCloudDeployModelStep] Custom domains: []#
#2025 12 26 07:15:26.463#Z#DEBUG#a5dbbb41-e22a-11f0-9a68-eeee0a97013d.OPERATION#flowable-async-job-executor-thread-7184#
[XS2BuildCloudDeployModelStep] Calculating resource batches...#
#2025 12 26 07:15:26.463#Z#DEBUG#a5dbbb41-e22a-11f0-9a68-eeee0a97013d.OPERATION#flowable-async-job-executor-thread-7184#
[XS2BuildCloudDeployModelStep] Calculating resource batches completed.#
#2025 12 26 07:15:26.463#Z#DEBUG#a5dbbb41-e22a-11f0-9a68-eeee0a97013d.OPERATION#flowable-async-job-executor-thread-7184#
[XS2BuildCloudDeployModelStep] Cloud deployment model built#
#2025 12 26 07:15:26.463#Z#DEBUG#a5dbbb41-e22a-11f0-9a68-eeee0a97013d.OPERATION#flowable-async-job-executor-thread-7184#
Step "Build Deploy Model" finished#
#2025 12 26 07:15:26.525#Z#DEBUG#a5dbbb41-e22a-11f0-9a68-eeee0a97013d.OPERATION#flowable-async-job-executor-thread-7185#
[BuildCloudUndeployModelStep] Executing task "buildUndeployModelTask" of process "a5dbbb63-e22a-11f0-9a68-eeee0a97013d"...#
#2025 12 26 07:15:26.527#Z#DEBUG#a5dbbb41-e22a-11f0-9a68-eeee0a97013d.OPERATION#flowable-async-job-executor-thread-7185#
[BuildCloudUndeployModelStep] Building cloud undeployment model...#
#2025 12 26 07:15:26.531#Z#DEBUG#a5dbbb41-e22a-11f0-9a68-eeee0a97013d.OPERATION#flowable-async-job-executor-thread-7185#
Step "Build Undeploy Model" finished#
#2025 12 26 07:15:26.598#Z#DEBUG#a5dbbb41-e22a-11f0-9a68-eeee0a97013d.OPERATION#flowable-async-job-executor-thread-7185#
[AddDomainsStep] Executing task "addDomainsTask" of process "a5dbbb63-e22a-11f0-9a68-eeee0a97013d"...#
#2025 12 26 07:15:26.601#Z#DEBUG#a5dbbb41-e22a-11f0-9a68-eeee0a97013d.OPERATION#flowable-async-job-executor-thread-7185#
[AddDomainsStep] Custom domains: []#
#2025 12 26 07:15:26.601#Z#DEBUG#a5dbbb41-e22a-11f0-9a68-eeee0a97013d.OPERATION#flowable-async-job-executor-thread-7185#
Step "Add Domains" finished#
#2025 12 26 07:15:26.657#Z#DEBUG#a5dbbb41-e22a-11f0-9a68-eeee0a97013d.OPERATION#flowable-async-job-executor-thread-7187#
[PrepareModulesDeploymentStep] Executing task "prepareModulesDeploymentTask" of process "a6f5412e-e22a-11f0-9a68-eeee0a97013d"...#
#2025 12 26 07:15:26.658#Z#DEBUG#a5dbbb41-e22a-11f0-9a68-eeee0a97013d.OPERATION#flowable-async-job-executor-thread-7187#
[PrepareModulesDeploymentStep] Preparing modules deployment...#
#2025 12 26 07:15:26.666#Z#DEBUG#a5dbbb41-e22a-11f0-9a68-eeee0a97013d.OPERATION#flowable-async-job-executor-thread-7187#
Step "Prepare Modules Deployment" finished#
#2025 12 26 07:15:26.719#Z#DEBUG#a5dbbb41-e22a-11f0-9a68-eeee0a97013d.OPERATION#flowable-async-job-executor-thread-7188#
[ComputeNextModulesStep] Executing task "computeNextModulesToDeployInParallel" of process "a6f5412e-e22a-11f0-9a68-eeee0a97013d"...#
#2025 12 26 07:15:26.720#Z#DEBUG#a5dbbb41-e22a-11f0-9a68-eeee0a97013d.OPERATION#flowable-async-job-executor-thread-7188#
[ComputeNextModulesStep] Computing modules for next parallel iteration...#
#2025 12 26 07:15:26.722#Z#DEBUG#a5dbbb41-e22a-11f0-9a68-eeee0a97013d.OPERATION#flowable-async-job-executor-thread-7188#
[ComputeNextModulesStep] Completed modules detected: []#
#2025 12 26 07:15:26.722#Z#DEBUG#a5dbbb41-e22a-11f0-9a68-eeee0a97013d.OPERATION#flowable-async-job-executor-thread-7188#
[ComputeNextModulesStep] All modules for deploy detected: [Hello-srv]#
#2025 12 26 07:15:26.722#Z#DEBUG#a5dbbb41-e22a-11f0-9a68-eeee0a97013d.OPERATION#flowable-async-job-executor-thread-7188#
[ComputeNextModulesStep] Modules not for deploy detected: []#
#2025 12 26 07:15:26.722#Z#DEBUG#a5dbbb41-e22a-11f0-9a68-eeee0a97013d.OPERATION#flowable-async-job-executor-thread-7188#
[ComputeNextModulesStep] Computed modules for next parallel iteration: [ {
  "majorSchemaVersion" : 3,
  "name" : "Hello-srv",
  "type" : "javascript.nodejs",
  "path" : "Hello-srv",
  "properties" : { },
  "parameters" : {
    "app-name" : "Hello-srv",
    "buildpack" : "nodejs_buildpack",
    "default-app-name" : "Hello-srv",
    "default-host" : "f4e65a4ctrial-dev-hello-srv",
    "default-instances" : 1,
    "default-live-app-name" : "Hello-srv",
    "default-live-domain" : "cfapps.us10-001.hana.ondemand.com",
    "default-live-host" : "f4e65a4ctrial-dev-hello-srv",
    "default-live-uri" : "f4e65a4ctrial-dev-hello-srv.cfapps.us10-001.hana.ondemand.com",
    "default-live-url" : "https://f4e65a4ctrial-dev-hello-srv.cfapps.us10-001.hana.ondemand.com",
    "default-uri" : "f4e65a4ctrial-dev-hello-srv.cfapps.us10-001.hana.ondemand.com",
    "default-url" : "https://f4e65a4ctrial-dev-hello-srv.cfapps.us10-001.hana.ondemand.com",
    "dependency-type" : "soft",
    "domain" : "cfapps.us10-001.hana.ondemand.com",
    "generated-password" : "********",
    "generated-user" : "********",
    "host" : "f4e65a4ctrial-dev-hello-srv",
    "instances" : 1,
    "protocol" : "https"
  },
  "requiredDependencies" : [ ],
  "providedDependencies" : [ {
    "majorSchemaVersion" : 3,
    "name" : "srv-api",
    "isPublic" : false,
    "properties" : {
      "srv-url" : "https://f4e65a4ctrial-dev-hello-srv.cfapps.us10-001.hana.ondemand.com"
    },
    "parameters" : { },
    "propertiesMetadata" : {
      "metadata" : { }
    },
    "parametersMetadata" : {
      "metadata" : { }
    }
  }, {
    "majorSchemaVersion" : 3,
    "name" : "Hello-srv",
    "isPublic" : false,
    "properties" : { },
    "parameters" : { },
    "propertiesMetadata" : {
      "metadata" : { }
    },
    "parametersMetadata" : {
      "metadata" : { }
    }
  } ],
  "propertiesMetadata" : {
    "metadata" : { }
  },
  "parametersMetadata" : {
    "metadata" : { }
  },
  "deployedAfter" : [ ],
  "hooks" : [ ]
} ]#
#2025 12 26 07:15:26.722#Z#DEBUG#a5dbbb41-e22a-11f0-9a68-eeee0a97013d.OPERATION#flowable-async-job-executor-thread-7188#
Step "Compute Next Modules To Deploy" finished#
#2025 12 26 07:15:26.901#Z#DEBUG#a5dbbb41-e22a-11f0-9a68-eeee0a97013d.OPERATION#flowable-async-job-executor-thread-7182#
[ProcessDescriptorStep] Executing task "reprocessDescriptorTask" of process "a7141474-e22a-11f0-9a68-eeee0a97013d"...#
#2025 12 26 07:15:26.902#Z#DEBUG#a5dbbb41-e22a-11f0-9a68-eeee0a97013d.OPERATION#flowable-async-job-executor-thread-7182#
[ProcessDescriptorStep] Resolving properties and parameters in merged descriptor...#
#2025 12 26 07:15:26.903#Z#DEBUG#a5dbbb41-e22a-11f0-9a68-eeee0a97013d.OPERATION#flowable-async-job-executor-thread-7182#
[ProcessDescriptorStep] Subscriptions: [ ]#
#2025 12 26 07:15:26.909#Z#DEBUG#a5dbbb41-e22a-11f0-9a68-eeee0a97013d.OPERATION#flowable-async-job-executor-thread-7182#
[ProcessDescriptorStep] MTA modules: [Hello-srv]#
#2025 12 26 07:15:26.914#Z#DEBUG#a5dbbb41-e22a-11f0-9a68-eeee0a97013d.OPERATION#flowable-async-job-executor-thread-7182#
[ProcessDescriptorStep] Resolved deployment descriptor: {
  "majorSchemaVersion" : 3,
  "schemaVersion" : "3.3.0",
  "id" : "Hello",
  "version" : "1.0.0",
  "modules" : [ {
    "majorSchemaVersion" : 3,
    "name" : "Hello-srv",
    "type" : "javascript.nodejs",
    "path" : "Hello-srv",
    "properties" : { },
    "parameters" : {
      "default-url" : "https://f4e65a4ctrial-dev-hello-srv.cfapps.us10-001.hana.ondemand.com",
      "default-app-name" : "Hello-srv",
      "generated-password" : "********",
      "default-live-url" : "https://f4e65a4ctrial-dev-hello-srv.cfapps.us10-001.hana.ondemand.com",
      "default-uri" : "f4e65a4ctrial-dev-hello-srv.cfapps.us10-001.hana.ondemand.com",
      "default-instances" : 1,
      "default-live-host" : "f4e65a4ctrial-dev-hello-srv",
      "instances" : 1,
      "buildpack" : "nodejs_buildpack",
      "default-host" : "f4e65a4ctrial-dev-hello-srv",
      "app-name" : "Hello-srv",
      "default-live-uri" : "f4e65a4ctrial-dev-hello-srv.cfapps.us10-001.hana.ondemand.com",
      "protocol" : "https",
      "default-live-app-name" : "Hello-srv",
      "default-live-domain" : "cfapps.us10-001.hana.ondemand.com",
      "domain" : "cfapps.us10-001.hana.ondemand.com",
      "host" : "f4e65a4ctrial-dev-hello-srv",
      "generated-user" : "********"
    },
    "requiredDependencies" : [ ],
    "providedDependencies" : [ {
      "majorSchemaVersion" : 3,
      "name" : "srv-api",
      "isPublic" : false,
      "properties" : {
        "srv-url" : "https://f4e65a4ctrial-dev-hello-srv.cfapps.us10-001.hana.ondemand.com"
      },
      "parameters" : { },
      "propertiesMetadata" : {
        "metadata" : { }
      },
      "parametersMetadata" : {
        "metadata" : { }
      }
    }, {
      "majorSchemaVersion" : 3,
      "name" : "Hello-srv",
      "isPublic" : false,
      "properties" : { },
      "parameters" : { },
      "propertiesMetadata" : {
        "metadata" : { }
      },
      "parametersMetadata" : {
        "metadata" : { }
      }
    } ],
    "propertiesMetadata" : {
      "metadata" : { }
    },
    "parametersMetadata" : {
      "metadata" : { }
    },
    "hooks" : [ ]
  } ],
  "resources" : [ ],
  "parameters" : {
    "mta-id" : "Hello",
    "authorization-url" : "********",
    "org-guid" : "fad1f135-fb33-4490-b033-dd385f8afd7c",
    "org" : "f4e65a4ctrial",
    "deploy-target" : "f4e65a4ctrial dev",
    "enable-parallel-deployments" : true,
    "region-primary-domain" : "us10.hana.ondemand.com",
    "space" : "dev",
    "region-domain" : "us10-001.hana.ondemand.com",
    "xs-api-url" : "https://api.cf.us10-001.hana.ondemand.com",
    "deploy-url" : "deploy-service.cfapps.us10-001.hana.ondemand.com",
    "xs-type" : "CF",
    "default-domain" : "cfapps.us10-001.hana.ondemand.com",
    "mta-version" : "1.0.0",
    "xs-auth-url" : "********",
    "space-guid" : "6f495513-57aa-420e-a34d-15385dad5840",
    "user" : "********",
    "controller-url" : "https://api.cf.us10-001.hana.ondemand.com",
    "timestamp" : "20251226071524"
  },
  "parametersMetadata" : {
    "metadata" : { }
  }
}#
#2025 12 26 07:15:26.914#Z#DEBUG#a5dbbb41-e22a-11f0-9a68-eeee0a97013d.OPERATION#flowable-async-job-executor-thread-7182#
[ProcessDescriptorStep] Merged descriptor properties and parameters resolved#
#2025 12 26 07:15:26.914#Z#DEBUG#a5dbbb41-e22a-11f0-9a68-eeee0a97013d.OPERATION#flowable-async-job-executor-thread-7182#
Step "Re-Process Descriptor Step" finished#
#2025 12 26 07:15:26.967#Z#DEBUG#a5dbbb41-e22a-11f0-9a68-eeee0a97013d.OPERATION#flowable-async-job-executor-thread-7184#
[BuildApplicationDeployModelStep] Executing task "buildApplicationDeployModelTask" of process "a7141474-e22a-11f0-9a68-eeee0a97013d"...#
#2025 12 26 07:15:26.970#Z#DEBUG#a5dbbb41-e22a-11f0-9a68-eeee0a97013d.OPERATION#flowable-async-job-executor-thread-7184#
[BuildApplicationDeployModelStep] Building cloud deployment model for application "Hello-srv"...#
#2025 12 26 07:15:26.974#Z#DEBUG#a5dbbb41-e22a-11f0-9a68-eeee0a97013d.OPERATION#flowable-async-job-executor-thread-7184#
[BuildApplicationDeployModelStep] No health-check-type is specified. Setting default type: port#
#2025 12 26 07:15:26.975#Z#INFO#a5dbbb41-e22a-11f0-9a68-eeee0a97013d.OPERATION#flowable-async-job-executor-thread-7184#
[BuildApplicationDeployModelStep] Building configuration entries for org f4e65a4ctrial, space dev, spaceId 6f495513-57aa-420e-a34d-15385dad5840 and namespace null!#
#2025 12 26 07:15:26.976#Z#DEBUG#a5dbbb41-e22a-11f0-9a68-eeee0a97013d.OPERATION#flowable-async-job-executor-thread-7184#
[BuildApplicationDeployModelStep] Configuration entries to publish: [ ]#
#2025 12 26 07:15:26.976#Z#DEBUG#a5dbbb41-e22a-11f0-9a68-eeee0a97013d.OPERATION#flowable-async-job-executor-thread-7184#
[BuildApplicationDeployModelStep] Cloud deployment model for application built#
#2025 12 26 07:15:26.976#Z#DEBUG#a5dbbb41-e22a-11f0-9a68-eeee0a97013d.OPERATION#flowable-async-job-executor-thread-7184#
Step "Build Application Deploy Model" finished#
#2025 12 26 07:15:27.035#Z#DEBUG#a5dbbb41-e22a-11f0-9a68-eeee0a97013d.OPERATION#flowable-async-job-executor-thread-7184#
[CreateOrUpdateAppStep] Executing task "createAppTask" of process "a7141474-e22a-11f0-9a68-eeee0a97013d"...#
#2025 12 26 07:15:27.037#Z#DEBUG#a5dbbb41-e22a-11f0-9a68-eeee0a97013d.OPERATION#flowable-async-job-executor-thread-7184#
[CreateOrUpdateAppStep] Getting application "Hello-srv"...#
#2025 12 26 07:15:27.078#Z#INFO#a5dbbb41-e22a-11f0-9a68-eeee0a97013d.OPERATION#flowable-async-job-executor-thread-7184#
[CreateOrUpdateAppStep] Creating application "Hello-srv" from MTA module "Hello-srv"...#
#2025 12 26 07:15:27.087#Z#DEBUG#a5dbbb41-e22a-11f0-9a68-eeee0a97013d.OPERATION#flowable-async-job-executor-thread-7184#
[CreateOrUpdateAppStep] Creating application "Hello-srv" with disk "null" memory "null", URIs "f4e65a4ctrial-dev-hello-srv.cfapps.us10-001.hana.ondemand.com" and staging: "{
  "isReadinessHealthCheckEnabled" : true,
  "buildpacks" : [ "nodejs_buildpack" ],
  "healthCheckType" : "port",
  "appFeatures" : { }
}"#
#2025 12 26 07:15:27.596#Z#DEBUG#a5dbbb41-e22a-11f0-9a68-eeee0a97013d.OPERATION#flowable-async-job-executor-thread-7184#
[CreateOrUpdateAppStep] Application "Hello-srv" created#
#2025 12 26 07:15:27.596#Z#DEBUG#a5dbbb41-e22a-11f0-9a68-eeee0a97013d.OPERATION#flowable-async-job-executor-thread-7184#
Step "Create App" finished#
#2025 12 26 07:15:27.656#Z#DEBUG#a5dbbb41-e22a-11f0-9a68-eeee0a97013d.OPERATION#flowable-async-job-executor-thread-7185#
[UploadAppStep] Executing task "uploadAppTask" of process "a7141474-e22a-11f0-9a68-eeee0a97013d"...#
#2025 12 26 07:15:27.658#Z#DEBUG#a5dbbb41-e22a-11f0-9a68-eeee0a97013d.OPERATION#flowable-async-job-executor-thread-7185#
[UploadAppStep] Application upload timeout is default one: 3,600 seconds#
#2025 12 26 07:15:27.658#Z#INFO#a5dbbb41-e22a-11f0-9a68-eeee0a97013d.OPERATION#flowable-async-job-executor-thread-7185#
[UploadAppStep] Uploading application "Hello-srv"...#
#2025 12 26 07:15:27.664#Z#DEBUG#a5dbbb41-e22a-11f0-9a68-eeee0a97013d.OPERATION#flowable-async-job-executor-thread-7185#
[UploadAppStep] Getting application "Hello-srv"...#
#2025 12 26 07:15:27.715#Z#DEBUG#a5dbbb41-e22a-11f0-9a68-eeee0a97013d.OPERATION#flowable-async-job-executor-thread-7185#
[UploadAppStep] Getting environment of application "8888d8ee-f08c-403d-9eb0-197aa61eb82a"...#
#2025 12 26 07:15:27.765#Z#INFO#a5dbbb41-e22a-11f0-9a68-eeee0a97013d.OPERATION#flowable-async-job-executor-thread-7185#
[UploadAppStep] Calculating application digest: "Hello-srv"#
#2025 12 26 07:15:27.833#Z#DEBUG#a5dbbb41-e22a-11f0-9a68-eeee0a97013d.OPERATION#flowable-async-job-executor-thread-7185#
Step "Upload App" finished#
#2025 12 26 07:15:41.425#Z#DEBUG#a5dbbb41-e22a-11f0-9a68-eeee0a97013d.OPERATION#flowable-async-job-executor-thread-28667#
[UploadAppStep] Executing task "uploadAppTask" of process "a7141474-e22a-11f0-9a68-eeee0a97013d"...#
#2025 12 26 07:15:41.425#Z#DEBUG#a5dbbb41-e22a-11f0-9a68-eeee0a97013d.OPERATION#flowable-async-job-executor-thread-28667#
[UploadAppStep] Application upload timeout is default one: 3,600 seconds#
#2025 12 26 07:15:41.498#Z#DEBUG#a5dbbb41-e22a-11f0-9a68-eeee0a97013d.OPERATION#pool-20-thread-3#
[UploadAppStep] Upload of application: Hello-srv started on instance: 0#
#2025 12 26 07:15:41.498#Z#DEBUG#a5dbbb41-e22a-11f0-9a68-eeee0a97013d.OPERATION#pool-20-thread-3#
[UploadAppStep] Uploading file "Hello-srv/data.zip" for application "Hello-srv"#
#2025 12 26 07:15:41.552#Z#INFO#a5dbbb41-e22a-11f0-9a68-eeee0a97013d.OPERATION#pool-20-thread-3#
[UploadAppStep] Time elapsed for app binary download: 53 in millis#
#2025 12 26 07:15:41.552#Z#INFO#a5dbbb41-e22a-11f0-9a68-eeee0a97013d.OPERATION#pool-20-thread-3#
[UploadAppStep] Size of app Hello-srv is 2,850,629 bytes#
#2025 12 26 07:15:41.552#Z#DEBUG#a5dbbb41-e22a-11f0-9a68-eeee0a97013d.OPERATION#pool-20-thread-3#
[UploadAppStep] Asynchronously uploading binaries for application "Hello-srv"...#
#2025 12 26 07:15:41.779#Z#INFO#a5dbbb41-e22a-11f0-9a68-eeee0a97013d.OPERATION#pool-20-thread-3#
[UploadAppStep] Started async upload of application "Hello-srv"#
#2025 12 26 07:15:41.783#Z#INFO#a5dbbb41-e22a-11f0-9a68-eeee0a97013d.OPERATION#flowable-async-job-executor-thread-28667#
[UploadAppStep] Time elapsed for upload: 357 in millis#
#2025 12 26 07:15:41.783#Z#DEBUG#a5dbbb41-e22a-11f0-9a68-eeee0a97013d.OPERATION#flowable-async-job-executor-thread-28667#
[UploadAppStep] Getting application "Hello-srv"...#
#2025 12 26 07:15:41.814#Z#DEBUG#a5dbbb41-e22a-11f0-9a68-eeee0a97013d.OPERATION#App upload monitor: 44951e78-e5b1-48e0-a3a0-cb20d971fd9c#
[UploadAppStep] Upload status: PROCESSING_UPLOAD#
#2025 12 26 07:15:41.829#Z#DEBUG#a5dbbb41-e22a-11f0-9a68-eeee0a97013d.OPERATION#flowable-async-job-executor-thread-28667#
[UploadAppStep] Getting environment of application "8888d8ee-f08c-403d-9eb0-197aa61eb82a"...#
#2025 12 26 07:15:41.868#Z#DEBUG#a5dbbb41-e22a-11f0-9a68-eeee0a97013d.OPERATION#flowable-async-job-executor-thread-28667#
[UploadAppStep] Updating environment of application "Hello-srv"#
#2025 12 26 07:15:41.971#Z#DEBUG#a5dbbb41-e22a-11f0-9a68-eeee0a97013d.OPERATION#flowable-async-job-executor-thread-28667#
Step "Upload App" finished#
#2025 12 26 07:15:46.846#Z#DEBUG#a5dbbb41-e22a-11f0-9a68-eeee0a97013d.OPERATION#App upload monitor: 44951e78-e5b1-48e0-a3a0-cb20d971fd9c#
[UploadAppStep] Upload status: READY#
#2025 12 26 07:15:51.439#Z#DEBUG#a5dbbb41-e22a-11f0-9a68-eeee0a97013d.OPERATION#flowable-async-job-executor-thread-28671#
[UploadAppStep] Executing task "uploadAppTask" of process "a7141474-e22a-11f0-9a68-eeee0a97013d"...#
#2025 12 26 07:15:51.439#Z#DEBUG#a5dbbb41-e22a-11f0-9a68-eeee0a97013d.OPERATION#flowable-async-job-executor-thread-28671#
[UploadAppStep] Application upload timeout is default one: 3,600 seconds#
#2025 12 26 07:15:51.439#Z#DEBUG#a5dbbb41-e22a-11f0-9a68-eeee0a97013d.OPERATION#flowable-async-job-executor-thread-28671#
[UploadAppStep] Checking upload status of application "Hello-srv"...#
#2025 12 26 07:15:51.439#Z#DEBUG#a5dbbb41-e22a-11f0-9a68-eeee0a97013d.OPERATION#flowable-async-job-executor-thread-28671#
[UploadAppStep] Getting package "44951e78-e5b1-48e0-a3a0-cb20d971fd9c"...#
#2025 12 26 07:15:51.466#Z#DEBUG#a5dbbb41-e22a-11f0-9a68-eeee0a97013d.OPERATION#flowable-async-job-executor-thread-28671#
[UploadAppStep] Application "Hello-srv" uploaded#
#2025 12 26 07:15:51.466#Z#DEBUG#a5dbbb41-e22a-11f0-9a68-eeee0a97013d.OPERATION#flowable-async-job-executor-thread-28671#
Step "Upload App" finished#
#2025 12 26 07:15:51.489#Z#DEBUG#a5dbbb41-e22a-11f0-9a68-eeee0a97013d.OPERATION#flowable-async-job-executor-thread-28674#
[ScaleAppStep] Executing task "scaleAppTask" of process "a7141474-e22a-11f0-9a68-eeee0a97013d"...#
#2025 12 26 07:15:51.489#Z#DEBUG#a5dbbb41-e22a-11f0-9a68-eeee0a97013d.OPERATION#flowable-async-job-executor-thread-28674#
[ScaleAppStep] Scaling application "Hello-srv"...#
#2025 12 26 07:15:51.489#Z#DEBUG#a5dbbb41-e22a-11f0-9a68-eeee0a97013d.OPERATION#flowable-async-job-executor-thread-28674#
[ScaleAppStep] Application "Hello-srv" scaled#
#2025 12 26 07:15:51.489#Z#DEBUG#a5dbbb41-e22a-11f0-9a68-eeee0a97013d.OPERATION#flowable-async-job-executor-thread-28674#
Step "Scale App" finished#
#2025 12 26 07:15:51.507#Z#DEBUG#a5dbbb41-e22a-11f0-9a68-eeee0a97013d.OPERATION#flowable-async-job-executor-thread-28674#
[DetermineDesiredStateAchievingActionsStep] Executing task "determineDesiredStateAchievingActionsTask" of process "a7141474-e22a-11f0-9a68-eeee0a97013d"...#
#2025 12 26 07:15:51.508#Z#DEBUG#a5dbbb41-e22a-11f0-9a68-eeee0a97013d.OPERATION#flowable-async-job-executor-thread-28674#
[DetermineDesiredStateAchievingActionsStep] Getting application "Hello-srv"...#
#2025 12 26 07:15:51.547#Z#DEBUG#a5dbbb41-e22a-11f0-9a68-eeee0a97013d.OPERATION#flowable-async-job-executor-thread-28674#
[DetermineDesiredStateAchievingActionsStep] Getting instances for application "Hello-srv"...#
#2025 12 26 07:15:51.547#Z#DEBUG#a5dbbb41-e22a-11f0-9a68-eeee0a97013d.OPERATION#flowable-async-job-executor-thread-28674#
[DetermineDesiredStateAchievingActionsStep] Getting environment of application "8888d8ee-f08c-403d-9eb0-197aa61eb82a"...#
#2025 12 26 07:15:51.583#Z#DEBUG#a5dbbb41-e22a-11f0-9a68-eeee0a97013d.OPERATION#flowable-async-job-executor-thread-28674#
[DetermineDesiredStateAchievingActionsStep] Current state of application Hello-srv: STOPPED#
#2025 12 26 07:15:51.583#Z#DEBUG#a5dbbb41-e22a-11f0-9a68-eeee0a97013d.OPERATION#flowable-async-job-executor-thread-28674#
[DetermineDesiredStateAchievingActionsStep] Desired state of application Hello-srv: STARTED#
#2025 12 26 07:15:51.583#Z#DEBUG#a5dbbb41-e22a-11f0-9a68-eeee0a97013d.OPERATION#flowable-async-job-executor-thread-28674#
[DetermineDesiredStateAchievingActionsStep] Actions that should be executed on application Hello-srv: [STAGE, START]#
#2025 12 26 07:15:51.583#Z#DEBUG#a5dbbb41-e22a-11f0-9a68-eeee0a97013d.OPERATION#flowable-async-job-executor-thread-28674#
Step "Determine Desired State Achieving Actions" finished#
#2025 12 26 07:15:51.606#Z#DEBUG#a5dbbb41-e22a-11f0-9a68-eeee0a97013d.OPERATION#flowable-async-job-executor-thread-28674#
[StageAppStep] Executing task "stageAppTask" of process "a7141474-e22a-11f0-9a68-eeee0a97013d"...#
#2025 12 26 07:15:51.607#Z#DEBUG#a5dbbb41-e22a-11f0-9a68-eeee0a97013d.OPERATION#flowable-async-job-executor-thread-28674#
[StageAppStep] Application stage timeout is default one: 3,600 seconds#
#2025 12 26 07:15:51.607#Z#INFO#a5dbbb41-e22a-11f0-9a68-eeee0a97013d.OPERATION#flowable-async-job-executor-thread-28674#
[StageAppStep] Staging application "Hello-srv"...#
#2025 12 26 07:15:51.611#Z#DEBUG#a5dbbb41-e22a-11f0-9a68-eeee0a97013d.OPERATION#flowable-async-job-executor-thread-28674#
[StageAppStep] Creating build for package "44951e78-e5b1-48e0-a3a0-cb20d971fd9c"...#
#2025 12 26 07:15:51.946#Z#DEBUG#a5dbbb41-e22a-11f0-9a68-eeee0a97013d.OPERATION#flowable-async-job-executor-thread-28674#
Step "Stage App" finished#
#2025 12 26 07:16:01.455#Z#DEBUG#a5dbbb41-e22a-11f0-9a68-eeee0a97013d.OPERATION#flowable-async-job-executor-thread-28679#
[StageAppStep] Executing task "stageAppTask" of process "a7141474-e22a-11f0-9a68-eeee0a97013d"...#
#2025 12 26 07:16:01.455#Z#DEBUG#a5dbbb41-e22a-11f0-9a68-eeee0a97013d.OPERATION#flowable-async-job-executor-thread-28679#
[StageAppStep] Application stage timeout is default one: 3,600 seconds#
#2025 12 26 07:16:01.455#Z#DEBUG#a5dbbb41-e22a-11f0-9a68-eeee0a97013d.OPERATION#flowable-async-job-executor-thread-28679#
[StageAppStep] Checking status of application "Hello-srv"...#
#2025 12 26 07:16:01.455#Z#DEBUG#a5dbbb41-e22a-11f0-9a68-eeee0a97013d.OPERATION#flowable-async-job-executor-thread-28679#
[StageAppStep] Getting build "82bddce1-77a0-4a93-8f1a-d8a0b4077f9f"...#
#2025 12 26 07:16:01.487#Z#DEBUG#a5dbbb41-e22a-11f0-9a68-eeee0a97013d.OPERATION#flowable-async-job-executor-thread-28679#
[StageAppStep] Staging status of application "Hello-srv": PENDING#
#2025 12 26 07:16:01.489#Z#DEBUG#a5dbbb41-e22a-11f0-9a68-eeee0a97013d.OPERATION#flowable-async-job-executor-thread-28679#
[StageAppStep] Getting application guid "Hello-srv"...#
#2025 12 26 07:16:01.610#Z#DEBUG#a5dbbb41-e22a-11f0-9a68-eeee0a97013d.OPERATION#flowable-async-job-executor-thread-28679#
Step "Stage App" finished#
#2025 12 26 07:16:11.471#Z#DEBUG#a5dbbb41-e22a-11f0-9a68-eeee0a97013d.OPERATION#flowable-async-job-executor-thread-28686#
[StageAppStep] Executing task "stageAppTask" of process "a7141474-e22a-11f0-9a68-eeee0a97013d"...#
#2025 12 26 07:16:11.472#Z#DEBUG#a5dbbb41-e22a-11f0-9a68-eeee0a97013d.OPERATION#flowable-async-job-executor-thread-28686#
[StageAppStep] Application stage timeout is default one: 3,600 seconds#
#2025 12 26 07:16:11.472#Z#DEBUG#a5dbbb41-e22a-11f0-9a68-eeee0a97013d.OPERATION#flowable-async-job-executor-thread-28686#
[StageAppStep] Checking status of application "Hello-srv"...#
#2025 12 26 07:16:11.472#Z#DEBUG#a5dbbb41-e22a-11f0-9a68-eeee0a97013d.OPERATION#flowable-async-job-executor-thread-28686#
[StageAppStep] Getting build "82bddce1-77a0-4a93-8f1a-d8a0b4077f9f"...#
#2025 12 26 07:16:11.503#Z#DEBUG#a5dbbb41-e22a-11f0-9a68-eeee0a97013d.OPERATION#flowable-async-job-executor-thread-28686#
[StageAppStep] Staging status of application "Hello-srv": PENDING#
#2025 12 26 07:16:11.505#Z#DEBUG#a5dbbb41-e22a-11f0-9a68-eeee0a97013d.OPERATION#flowable-async-job-executor-thread-28686#
[StageAppStep] Getting application guid "Hello-srv"...#
#2025 12 26 07:16:11.605#Z#DEBUG#a5dbbb41-e22a-11f0-9a68-eeee0a97013d.OPERATION#flowable-async-job-executor-thread-28686#
Step "Stage App" finished#
#2025 12 26 07:16:21.483#Z#DEBUG#a5dbbb41-e22a-11f0-9a68-eeee0a97013d.OPERATION#flowable-async-job-executor-thread-28694#
[StageAppStep] Executing task "stageAppTask" of process "a7141474-e22a-11f0-9a68-eeee0a97013d"...#
#2025 12 26 07:16:21.484#Z#DEBUG#a5dbbb41-e22a-11f0-9a68-eeee0a97013d.OPERATION#flowable-async-job-executor-thread-28694#
[StageAppStep] Application stage timeout is default one: 3,600 seconds#
#2025 12 26 07:16:21.484#Z#DEBUG#a5dbbb41-e22a-11f0-9a68-eeee0a97013d.OPERATION#flowable-async-job-executor-thread-28694#
[StageAppStep] Checking status of application "Hello-srv"...#
#2025 12 26 07:16:21.484#Z#DEBUG#a5dbbb41-e22a-11f0-9a68-eeee0a97013d.OPERATION#flowable-async-job-executor-thread-28694#
[StageAppStep] Getting build "82bddce1-77a0-4a93-8f1a-d8a0b4077f9f"...#
#2025 12 26 07:16:21.518#Z#DEBUG#a5dbbb41-e22a-11f0-9a68-eeee0a97013d.OPERATION#flowable-async-job-executor-thread-28694#
[StageAppStep] Staging status of application "Hello-srv": STAGED#
#2025 12 26 07:16:21.519#Z#DEBUG#a5dbbb41-e22a-11f0-9a68-eeee0a97013d.OPERATION#flowable-async-job-executor-thread-28694#
[StageAppStep] Getting application guid "Hello-srv"...#
#2025 12 26 07:16:21.626#Z#DEBUG#a5dbbb41-e22a-11f0-9a68-eeee0a97013d.OPERATION#flowable-async-job-executor-thread-28694#
[StageAppStep] Getting build "82bddce1-77a0-4a93-8f1a-d8a0b4077f9f"...#
#2025 12 26 07:16:21.657#Z#DEBUG#a5dbbb41-e22a-11f0-9a68-eeee0a97013d.OPERATION#flowable-async-job-executor-thread-28694#
[StageAppStep] Binding droplet "087562dc-f763-4b93-8909-e6e834b7d077" to application "8888d8ee-f08c-403d-9eb0-197aa61eb82a"...#
#2025 12 26 07:16:21.714#Z#INFO#a5dbbb41-e22a-11f0-9a68-eeee0a97013d.OPERATION#flowable-async-job-executor-thread-28694#
[StageAppStep] Application "Hello-srv" staged#
#2025 12 26 07:16:21.718#Z#DEBUG#a5dbbb41-e22a-11f0-9a68-eeee0a97013d.OPERATION#flowable-async-job-executor-thread-28694#
Step "Stage App" finished#
#2025 12 26 07:16:21.744#Z#DEBUG#a5dbbb41-e22a-11f0-9a68-eeee0a97013d.OPERATION#flowable-async-job-executor-thread-28694#
[RestartAppStep] Executing task "startAppTask" of process "a7141474-e22a-11f0-9a68-eeee0a97013d"...#
#2025 12 26 07:16:21.745#Z#DEBUG#a5dbbb41-e22a-11f0-9a68-eeee0a97013d.OPERATION#flowable-async-job-executor-thread-28694#
[RestartAppStep] Application start timeout is default one: 3,600 seconds#
#2025 12 26 07:16:21.746#Z#DEBUG#a5dbbb41-e22a-11f0-9a68-eeee0a97013d.OPERATION#flowable-async-job-executor-thread-28694#
[RestartAppStep] Getting application "Hello-srv"...#
#2025 12 26 07:16:21.795#Z#INFO#a5dbbb41-e22a-11f0-9a68-eeee0a97013d.OPERATION#flowable-async-job-executor-thread-28694#
[RestartAppStep] Starting application "Hello-srv"...#
#2025 12 26 07:16:21.799#Z#DEBUG#a5dbbb41-e22a-11f0-9a68-eeee0a97013d.OPERATION#flowable-async-job-executor-thread-28694#
[RestartAppStep] Starting application "Hello-srv"...#
#2025 12 26 07:16:22.062#Z#DEBUG#a5dbbb41-e22a-11f0-9a68-eeee0a97013d.OPERATION#flowable-async-job-executor-thread-28694#
Step "Start App" finished#
#2025 12 26 07:16:31.508#Z#DEBUG#a5dbbb41-e22a-11f0-9a68-eeee0a97013d.OPERATION#flowable-async-job-executor-thread-28701#
[RestartAppStep] Executing task "startAppTask" of process "c8035239-e22a-11f0-b298-eeee0a8442d2"...#
#2025 12 26 07:16:31.509#Z#DEBUG#a5dbbb41-e22a-11f0-9a68-eeee0a97013d.OPERATION#flowable-async-job-executor-thread-28701#
[RestartAppStep] Application start timeout is default one: 3,600 seconds#
#2025 12 26 07:16:31.509#Z#DEBUG#a5dbbb41-e22a-11f0-9a68-eeee0a97013d.OPERATION#flowable-async-job-executor-thread-28701#
[RestartAppStep] Checking status of application "Hello-srv"...#
#2025 12 26 07:16:31.509#Z#DEBUG#a5dbbb41-e22a-11f0-9a68-eeee0a97013d.OPERATION#flowable-async-job-executor-thread-28701#
[RestartAppStep] Getting application "Hello-srv"...#
#2025 12 26 07:16:31.559#Z#DEBUG#a5dbbb41-e22a-11f0-9a68-eeee0a97013d.OPERATION#flowable-async-job-executor-thread-28701#
[RestartAppStep] Getting instances for application "Hello-srv"...#
#2025 12 26 07:16:31.624#Z#DEBUG#a5dbbb41-e22a-11f0-9a68-eeee0a97013d.OPERATION#flowable-async-job-executor-thread-28701#
[RestartAppStep] Application "Hello-srv": 0 of 1 instances running (1 starting)#
#2025 12 26 07:16:31.696#Z#DEBUG#a5dbbb41-e22a-11f0-9a68-eeee0a97013d.OPERATION#flowable-async-job-executor-thread-28701#
Step "Start App" finished#
#2025 12 26 07:16:41.513#Z#DEBUG#a5dbbb41-e22a-11f0-9a68-eeee0a97013d.OPERATION#flowable-async-job-executor-thread-28708#
[RestartAppStep] Executing task "startAppTask" of process "cdc133b9-e22a-11f0-b298-eeee0a8442d2"...#
#2025 12 26 07:16:41.514#Z#DEBUG#a5dbbb41-e22a-11f0-9a68-eeee0a97013d.OPERATION#flowable-async-job-executor-thread-28708#
[RestartAppStep] Application start timeout is default one: 3,600 seconds#
#2025 12 26 07:16:41.514#Z#DEBUG#a5dbbb41-e22a-11f0-9a68-eeee0a97013d.OPERATION#flowable-async-job-executor-thread-28708#
[RestartAppStep] Checking status of application "Hello-srv"...#
#2025 12 26 07:16:41.515#Z#DEBUG#a5dbbb41-e22a-11f0-9a68-eeee0a97013d.OPERATION#flowable-async-job-executor-thread-28708#
[RestartAppStep] Getting instances for application "Hello-srv"...#
#2025 12 26 07:16:41.576#Z#DEBUG#a5dbbb41-e22a-11f0-9a68-eeee0a97013d.OPERATION#flowable-async-job-executor-thread-28708#
[RestartAppStep] Application "Hello-srv": 0 of 1 instances running (1 starting)#
#2025 12 26 07:16:41.644#Z#DEBUG#a5dbbb41-e22a-11f0-9a68-eeee0a97013d.OPERATION#flowable-async-job-executor-thread-28708#
Step "Start App" finished#
#2025 12 26 07:16:51.539#Z#DEBUG#a5dbbb41-e22a-11f0-9a68-eeee0a97013d.OPERATION#flowable-async-job-executor-thread-28714#
[RestartAppStep] Executing task "startAppTask" of process "d3af253c-e22a-11f0-b298-eeee0a8442d2"...#
#2025 12 26 07:16:51.540#Z#DEBUG#a5dbbb41-e22a-11f0-9a68-eeee0a97013d.OPERATION#flowable-async-job-executor-thread-28714#
[RestartAppStep] Application start timeout is default one: 3,600 seconds#
#2025 12 26 07:16:51.540#Z#DEBUG#a5dbbb41-e22a-11f0-9a68-eeee0a97013d.OPERATION#flowable-async-job-executor-thread-28714#
[RestartAppStep] Checking status of application "Hello-srv"...#
#2025 12 26 07:16:51.540#Z#DEBUG#a5dbbb41-e22a-11f0-9a68-eeee0a97013d.OPERATION#flowable-async-job-executor-thread-28714#
[RestartAppStep] Getting instances for application "Hello-srv"...#
#2025 12 26 07:16:51.604#Z#DEBUG#a5dbbb41-e22a-11f0-9a68-eeee0a97013d.OPERATION#flowable-async-job-executor-thread-28714#
[RestartAppStep] Application "Hello-srv": 0 of 1 instances running (1 crashed)#
#2025 12 26 07:16:51.642#Z#ERROR#a5dbbb41-e22a-11f0-9a68-eeee0a97013d.OPERATION#flowable-async-job-executor-thread-28714#
[RestartAppStep] Error starting application "Hello-srv": Some instances have crashed. Check the logs of your application for more information.
Download the application logs via the dmol command and check them for more information.#
#2025 12 26 07:16:51.645#Z#ERROR#a5dbbb41-e22a-11f0-9a68-eeee0a97013d.OPERATION#flowable-async-job-executor-thread-28714#
Exception caught#
org.cloudfoundry.multiapps.common.SLException: A step of the process has failed. Retrying it may solve the issue.
	at org.cloudfoundry.multiapps.controller.process.steps.SyncFlowableStep.executeInternal(SyncFlowableStep.java:76)
	at org.cloudfoundry.multiapps.controller.process.steps.SyncFlowableStep.lambda$execute$0(SyncFlowableStep.java:64)
	at org.cloudfoundry.multiapps.controller.core.util.LoggingUtil.logWithCorrelationId(LoggingUtil.java:14)
	at org.cloudfoundry.multiapps.controller.process.steps.SyncFlowableStep.execute(SyncFlowableStep.java:64)
	at org.flowable.engine.impl.delegate.invocation.JavaDelegateInvocation.invoke(JavaDelegateInvocation.java:35)
	at org.flowable.engine.impl.delegate.invocation.DelegateInvocation.proceed(DelegateInvocation.java:32)
	at org.flowable.engine.impl.delegate.invocation.DefaultDelegateInterceptor.handleInvocation(DefaultDelegateInterceptor.java:26)
	at org.flowable.engine.impl.bpmn.behavior.ServiceTaskDelegateExpressionActivityBehavior.execute(ServiceTaskDelegateExpressionActivityBehavior.java:177)
	at org.flowable.engine.impl.agenda.ContinueProcessOperation.executeActivityBehavior(ContinueProcessOperation.java:298)
	at org.flowable.engine.impl.agenda.ContinueProcessOperation.executeSynchronous(ContinueProcessOperation.java:175)
	at org.flowable.engine.impl.agenda.ContinueProcessOperation.continueThroughFlowNode(ContinueProcessOperation.java:125)
	at org.flowable.engine.impl.agenda.ContinueProcessOperation.run(ContinueProcessOperation.java:88)
	at org.flowable.common.engine.impl.AbstractEngineConfiguration.lambda$new$0(AbstractEngineConfiguration.java:198)
	at org.flowable.engine.impl.interceptor.CommandInvoker.executeOperation(CommandInvoker.java:189)
	at org.flowable.engine.impl.interceptor.CommandInvoker.executeOperations(CommandInvoker.java:128)
	at org.flowable.engine.impl.interceptor.CommandInvoker.execute(CommandInvoker.java:80)
	at org.flowable.engine.impl.interceptor.BpmnOverrideContextInterceptor.execute(BpmnOverrideContextInterceptor.java:26)
	at org.flowable.common.engine.impl.interceptor.TransactionContextInterceptor.execute(TransactionContextInterceptor.java:53)
	at org.flowable.common.engine.impl.interceptor.CommandContextInterceptor.execute(CommandContextInterceptor.java:105)
	at org.flowable.common.spring.SpringTransactionInterceptor.lambda$execute$0(SpringTransactionInterceptor.java:57)
	at org.springframework.transaction.support.TransactionTemplate.execute(TransactionTemplate.java:140)
	at org.flowable.common.spring.SpringTransactionInterceptor.execute(SpringTransactionInterceptor.java:57)
	at org.flowable.common.engine.impl.interceptor.LogInterceptor.execute(LogInterceptor.java:30)
	at org.flowable.common.engine.impl.cfg.CommandExecutorImpl.execute(CommandExecutorImpl.java:56)
	at org.flowable.common.engine.impl.cfg.CommandExecutorImpl.execute(CommandExecutorImpl.java:51)
	at org.flowable.job.service.impl.asyncexecutor.ExecuteAsyncRunnable.handleTransactionalJob(ExecuteAsyncRunnable.java:177)
	at org.flowable.job.service.impl.asyncexecutor.ExecuteAsyncRunnable.executeJob(ExecuteAsyncRunnable.java:146)
	at org.flowable.job.service.impl.asyncexecutor.ExecuteAsyncRunnable.runInternally(ExecuteAsyncRunnable.java:122)
	at org.flowable.job.service.impl.asyncexecutor.ExecuteAsyncRunnable.run(ExecuteAsyncRunnable.java:96)
	at java.base/java.util.concurrent.ThreadPoolExecutor.runWorker(ThreadPoolExecutor.java:1136)
	at java.base/java.util.concurrent.ThreadPoolExecutor$Worker.run(ThreadPoolExecutor.java:635)
	at java.base/java.lang.Thread.run(Thread.java:840)
#2025 12 26 07:16:51.650#Z#DEBUG#a5dbbb41-e22a-11f0-9a68-eeee0a97013d.OPERATION#flowable-async-job-executor-thread-28714#
Step "Start App" finished#
#2025 12 26 07:16:52.532#Z#DEBUG#a5dbbb41-e22a-11f0-9a68-eeee0a97013d.OPERATION#flowable-async-job-executor-thread-7205#
[RestartAppStep] Executing task "startAppTask" of process "d3af253c-e22a-11f0-b298-eeee0a8442d2"...#
#2025 12 26 07:16:52.537#Z#DEBUG#a5dbbb41-e22a-11f0-9a68-eeee0a97013d.OPERATION#flowable-async-job-executor-thread-7205#
[RestartAppStep] Application start timeout is default one: 3,600 seconds#
#2025 12 26 07:16:52.545#Z#DEBUG#a5dbbb41-e22a-11f0-9a68-eeee0a97013d.OPERATION#flowable-async-job-executor-thread-7205#
[RestartAppStep] Getting application "Hello-srv"...#
#2025 12 26 07:16:52.597#Z#INFO#a5dbbb41-e22a-11f0-9a68-eeee0a97013d.OPERATION#flowable-async-job-executor-thread-7205#
[RestartAppStep] Stopping application "Hello-srv"...#
#2025 12 26 07:16:52.606#Z#DEBUG#a5dbbb41-e22a-11f0-9a68-eeee0a97013d.OPERATION#flowable-async-job-executor-thread-7205#
[RestartAppStep] Stopping application "Hello-srv"...#
#2025 12 26 07:16:52.768#Z#INFO#a5dbbb41-e22a-11f0-9a68-eeee0a97013d.OPERATION#flowable-async-job-executor-thread-7205#
[RestartAppStep] Starting application "Hello-srv"...#
#2025 12 26 07:16:52.775#Z#DEBUG#a5dbbb41-e22a-11f0-9a68-eeee0a97013d.OPERATION#flowable-async-job-executor-thread-7205#
[RestartAppStep] Starting application "Hello-srv"...#
#2025 12 26 07:16:53.003#Z#DEBUG#a5dbbb41-e22a-11f0-9a68-eeee0a97013d.OPERATION#flowable-async-job-executor-thread-7205#
Step "Start App" finished#
#2025 12 26 07:17:01.552#Z#DEBUG#a5dbbb41-e22a-11f0-9a68-eeee0a97013d.OPERATION#flowable-async-job-executor-thread-28717#
[RestartAppStep] Executing task "startAppTask" of process "da7500dc-e22a-11f0-9a68-eeee0a97013d"...#
#2025 12 26 07:17:01.554#Z#DEBUG#a5dbbb41-e22a-11f0-9a68-eeee0a97013d.OPERATION#flowable-async-job-executor-thread-28717#
[RestartAppStep] Application start timeout is default one: 3,600 seconds#
#2025 12 26 07:17:01.626#Z#DEBUG#a5dbbb41-e22a-11f0-9a68-eeee0a97013d.OPERATION#flowable-async-job-executor-thread-28717#
[RestartAppStep] Checking status of application "Hello-srv"...#
#2025 12 26 07:17:01.627#Z#DEBUG#a5dbbb41-e22a-11f0-9a68-eeee0a97013d.OPERATION#flowable-async-job-executor-thread-28717#
[RestartAppStep] Getting instances for application "Hello-srv"...#
#2025 12 26 07:17:01.704#Z#DEBUG#a5dbbb41-e22a-11f0-9a68-eeee0a97013d.OPERATION#flowable-async-job-executor-thread-28717#
[RestartAppStep] Application "Hello-srv": 0 of 1 instances running (1 starting)#
#2025 12 26 07:17:01.764#Z#DEBUG#a5dbbb41-e22a-11f0-9a68-eeee0a97013d.OPERATION#flowable-async-job-executor-thread-28717#
Step "Start App" finished#
#2025 12 26 07:17:11.558#Z#DEBUG#a5dbbb41-e22a-11f0-9a68-eeee0a97013d.OPERATION#flowable-async-job-executor-thread-28721#
[RestartAppStep] Executing task "startAppTask" of process "dfad5dae-e22a-11f0-b298-eeee0a8442d2"...#
#2025 12 26 07:17:11.559#Z#DEBUG#a5dbbb41-e22a-11f0-9a68-eeee0a97013d.OPERATION#flowable-async-job-executor-thread-28721#
[RestartAppStep] Application start timeout is default one: 3,600 seconds#
#2025 12 26 07:17:11.559#Z#DEBUG#a5dbbb41-e22a-11f0-9a68-eeee0a97013d.OPERATION#flowable-async-job-executor-thread-28721#
[RestartAppStep] Checking status of application "Hello-srv"...#
#2025 12 26 07:17:11.559#Z#DEBUG#a5dbbb41-e22a-11f0-9a68-eeee0a97013d.OPERATION#flowable-async-job-executor-thread-28721#
[RestartAppStep] Getting instances for application "Hello-srv"...#
#2025 12 26 07:17:11.605#Z#DEBUG#a5dbbb41-e22a-11f0-9a68-eeee0a97013d.OPERATION#flowable-async-job-executor-thread-28721#
[RestartAppStep] Application "Hello-srv": 0 of 1 instances running (1 starting)#
#2025 12 26 07:17:11.679#Z#DEBUG#a5dbbb41-e22a-11f0-9a68-eeee0a97013d.OPERATION#flowable-async-job-executor-thread-28721#
Step "Start App" finished#
#2025 12 26 07:17:21.568#Z#DEBUG#a5dbbb41-e22a-11f0-9a68-eeee0a97013d.OPERATION#flowable-async-job-executor-thread-28729#
[RestartAppStep] Executing task "startAppTask" of process "e5961fb9-e22a-11f0-b298-eeee0a8442d2"...#
#2025 12 26 07:17:21.569#Z#DEBUG#a5dbbb41-e22a-11f0-9a68-eeee0a97013d.OPERATION#flowable-async-job-executor-thread-28729#
[RestartAppStep] Application start timeout is default one: 3,600 seconds#
#2025 12 26 07:17:21.569#Z#DEBUG#a5dbbb41-e22a-11f0-9a68-eeee0a97013d.OPERATION#flowable-async-job-executor-thread-28729#
[RestartAppStep] Checking status of application "Hello-srv"...#
#2025 12 26 07:17:21.569#Z#DEBUG#a5dbbb41-e22a-11f0-9a68-eeee0a97013d.OPERATION#flowable-async-job-executor-thread-28729#
[RestartAppStep] Getting instances for application "Hello-srv"...#
#2025 12 26 07:17:21.626#Z#DEBUG#a5dbbb41-e22a-11f0-9a68-eeee0a97013d.OPERATION#flowable-async-job-executor-thread-28729#
[RestartAppStep] Application "Hello-srv": 0 of 1 instances running (1 crashed)#
#2025 12 26 07:17:21.673#Z#ERROR#a5dbbb41-e22a-11f0-9a68-eeee0a97013d.OPERATION#flowable-async-job-executor-thread-28729#
[RestartAppStep] Error starting application "Hello-srv": Some instances have crashed. Check the logs of your application for more information.
Download the application logs via the dmol command and check them for more information.#
#2025 12 26 07:17:21.677#Z#ERROR#a5dbbb41-e22a-11f0-9a68-eeee0a97013d.OPERATION#flowable-async-job-executor-thread-28729#
Exception caught#
org.cloudfoundry.multiapps.common.SLException: A step of the process has failed. Retrying it may solve the issue.
	at org.cloudfoundry.multiapps.controller.process.steps.SyncFlowableStep.executeInternal(SyncFlowableStep.java:76)
	at org.cloudfoundry.multiapps.controller.process.steps.SyncFlowableStep.lambda$execute$0(SyncFlowableStep.java:64)
	at org.cloudfoundry.multiapps.controller.core.util.LoggingUtil.logWithCorrelationId(LoggingUtil.java:14)
	at org.cloudfoundry.multiapps.controller.process.steps.SyncFlowableStep.execute(SyncFlowableStep.java:64)
	at org.flowable.engine.impl.delegate.invocation.JavaDelegateInvocation.invoke(JavaDelegateInvocation.java:35)
	at org.flowable.engine.impl.delegate.invocation.DelegateInvocation.proceed(DelegateInvocation.java:32)
	at org.flowable.engine.impl.delegate.invocation.DefaultDelegateInterceptor.handleInvocation(DefaultDelegateInterceptor.java:26)
	at org.flowable.engine.impl.bpmn.behavior.ServiceTaskDelegateExpressionActivityBehavior.execute(ServiceTaskDelegateExpressionActivityBehavior.java:177)
	at org.flowable.engine.impl.agenda.ContinueProcessOperation.executeActivityBehavior(ContinueProcessOperation.java:298)
	at org.flowable.engine.impl.agenda.ContinueProcessOperation.executeSynchronous(ContinueProcessOperation.java:175)
	at org.flowable.engine.impl.agenda.ContinueProcessOperation.continueThroughFlowNode(ContinueProcessOperation.java:125)
	at org.flowable.engine.impl.agenda.ContinueProcessOperation.run(ContinueProcessOperation.java:88)
	at org.flowable.common.engine.impl.AbstractEngineConfiguration.lambda$new$0(AbstractEngineConfiguration.java:198)
	at org.flowable.engine.impl.interceptor.CommandInvoker.executeOperation(CommandInvoker.java:189)
	at org.flowable.engine.impl.interceptor.CommandInvoker.executeOperations(CommandInvoker.java:128)
	at org.flowable.engine.impl.interceptor.CommandInvoker.execute(CommandInvoker.java:80)
	at org.flowable.engine.impl.interceptor.BpmnOverrideContextInterceptor.execute(BpmnOverrideContextInterceptor.java:26)
	at org.flowable.common.engine.impl.interceptor.TransactionContextInterceptor.execute(TransactionContextInterceptor.java:53)
	at org.flowable.common.engine.impl.interceptor.CommandContextInterceptor.execute(CommandContextInterceptor.java:105)
	at org.flowable.common.spring.SpringTransactionInterceptor.lambda$execute$0(SpringTransactionInterceptor.java:57)
	at org.springframework.transaction.support.TransactionTemplate.execute(TransactionTemplate.java:140)
	at org.flowable.common.spring.SpringTransactionInterceptor.execute(SpringTransactionInterceptor.java:57)
	at org.flowable.common.engine.impl.interceptor.LogInterceptor.execute(LogInterceptor.java:30)
	at org.flowable.common.engine.impl.cfg.CommandExecutorImpl.execute(CommandExecutorImpl.java:56)
	at org.flowable.common.engine.impl.cfg.CommandExecutorImpl.execute(CommandExecutorImpl.java:51)
	at org.flowable.job.service.impl.asyncexecutor.ExecuteAsyncRunnable.handleTransactionalJob(ExecuteAsyncRunnable.java:177)
	at org.flowable.job.service.impl.asyncexecutor.ExecuteAsyncRunnable.executeJob(ExecuteAsyncRunnable.java:146)
	at org.flowable.job.service.impl.asyncexecutor.ExecuteAsyncRunnable.runInternally(ExecuteAsyncRunnable.java:122)
	at org.flowable.job.service.impl.asyncexecutor.ExecuteAsyncRunnable.run(ExecuteAsyncRunnable.java:96)
	at java.base/java.util.concurrent.ThreadPoolExecutor.runWorker(ThreadPoolExecutor.java:1136)
	at java.base/java.util.concurrent.ThreadPoolExecutor$Worker.run(ThreadPoolExecutor.java:635)
	at java.base/java.lang.Thread.run(Thread.java:840)
#2025 12 26 07:17:21.681#Z#DEBUG#a5dbbb41-e22a-11f0-9a68-eeee0a97013d.OPERATION#flowable-async-job-executor-thread-28729#
Step "Start App" finished#
#2025 12 26 07:17:22.819#Z#DEBUG#a5dbbb41-e22a-11f0-9a68-eeee0a97013d.OPERATION#flowable-async-job-executor-thread-28731#
[RestartAppStep] Executing task "startAppTask" of process "e5961fb9-e22a-11f0-b298-eeee0a8442d2"...#
#2025 12 26 07:17:22.820#Z#DEBUG#a5dbbb41-e22a-11f0-9a68-eeee0a97013d.OPERATION#flowable-async-job-executor-thread-28731#
[RestartAppStep] Application start timeout is default one: 3,600 seconds#
#2025 12 26 07:17:22.886#Z#DEBUG#a5dbbb41-e22a-11f0-9a68-eeee0a97013d.OPERATION#flowable-async-job-executor-thread-28731#
[RestartAppStep] Getting application "Hello-srv"...#
#2025 12 26 07:17:22.959#Z#INFO#a5dbbb41-e22a-11f0-9a68-eeee0a97013d.OPERATION#flowable-async-job-executor-thread-28731#
[RestartAppStep] Stopping application "Hello-srv"...#
#2025 12 26 07:17:22.964#Z#DEBUG#a5dbbb41-e22a-11f0-9a68-eeee0a97013d.OPERATION#flowable-async-job-executor-thread-28731#
[RestartAppStep] Stopping application "Hello-srv"...#
#2025 12 26 07:17:23.097#Z#INFO#a5dbbb41-e22a-11f0-9a68-eeee0a97013d.OPERATION#flowable-async-job-executor-thread-28731#
[RestartAppStep] Starting application "Hello-srv"...#
#2025 12 26 07:17:23.101#Z#DEBUG#a5dbbb41-e22a-11f0-9a68-eeee0a97013d.OPERATION#flowable-async-job-executor-thread-28731#
[RestartAppStep] Starting application "Hello-srv"...#
#2025 12 26 07:17:23.302#Z#DEBUG#a5dbbb41-e22a-11f0-9a68-eeee0a97013d.OPERATION#flowable-async-job-executor-thread-28731#
Step "Start App" finished#
#2025 12 26 07:17:31.583#Z#DEBUG#a5dbbb41-e22a-11f0-9a68-eeee0a97013d.OPERATION#flowable-async-job-executor-thread-28735#
[RestartAppStep] Executing task "startAppTask" of process "ec83a68f-e22a-11f0-b298-eeee0a8442d2"...#
#2025 12 26 07:17:31.585#Z#DEBUG#a5dbbb41-e22a-11f0-9a68-eeee0a97013d.OPERATION#flowable-async-job-executor-thread-28735#
[RestartAppStep] Application start timeout is default one: 3,600 seconds#
#2025 12 26 07:17:31.585#Z#DEBUG#a5dbbb41-e22a-11f0-9a68-eeee0a97013d.OPERATION#flowable-async-job-executor-thread-28735#
[RestartAppStep] Checking status of application "Hello-srv"...#
#2025 12 26 07:17:31.585#Z#DEBUG#a5dbbb41-e22a-11f0-9a68-eeee0a97013d.OPERATION#flowable-async-job-executor-thread-28735#
[RestartAppStep] Getting instances for application "Hello-srv"...#
#2025 12 26 07:17:31.647#Z#DEBUG#a5dbbb41-e22a-11f0-9a68-eeee0a97013d.OPERATION#flowable-async-job-executor-thread-28735#
[RestartAppStep] Application "Hello-srv": 0 of 1 instances running (1 starting)#
#2025 12 26 07:17:31.704#Z#DEBUG#a5dbbb41-e22a-11f0-9a68-eeee0a97013d.OPERATION#flowable-async-job-executor-thread-28735#
Step "Start App" finished#
#2025 12 26 07:17:41.591#Z#DEBUG#a5dbbb41-e22a-11f0-9a68-eeee0a97013d.OPERATION#flowable-async-job-executor-thread-28742#
[RestartAppStep] Executing task "startAppTask" of process "f185b21c-e22a-11f0-b298-eeee0a8442d2"...#
#2025 12 26 07:17:41.592#Z#DEBUG#a5dbbb41-e22a-11f0-9a68-eeee0a97013d.OPERATION#flowable-async-job-executor-thread-28742#
[RestartAppStep] Application start timeout is default one: 3,600 seconds#
#2025 12 26 07:17:41.592#Z#DEBUG#a5dbbb41-e22a-11f0-9a68-eeee0a97013d.OPERATION#flowable-async-job-executor-thread-28742#
[RestartAppStep] Checking status of application "Hello-srv"...#
#2025 12 26 07:17:41.593#Z#DEBUG#a5dbbb41-e22a-11f0-9a68-eeee0a97013d.OPERATION#flowable-async-job-executor-thread-28742#
[RestartAppStep] Getting instances for application "Hello-srv"...#
#2025 12 26 07:17:41.647#Z#DEBUG#a5dbbb41-e22a-11f0-9a68-eeee0a97013d.OPERATION#flowable-async-job-executor-thread-28742#
[RestartAppStep] Application "Hello-srv": 0 of 1 instances running (1 starting)#
#2025 12 26 07:17:41.725#Z#DEBUG#a5dbbb41-e22a-11f0-9a68-eeee0a97013d.OPERATION#flowable-async-job-executor-thread-28742#
Step "Start App" finished#
#2025 12 26 07:17:51.600#Z#DEBUG#a5dbbb41-e22a-11f0-9a68-eeee0a97013d.OPERATION#flowable-async-job-executor-thread-28746#
[RestartAppStep] Executing task "startAppTask" of process "f77ec7ce-e22a-11f0-b298-eeee0a8442d2"...#
#2025 12 26 07:17:51.601#Z#DEBUG#a5dbbb41-e22a-11f0-9a68-eeee0a97013d.OPERATION#flowable-async-job-executor-thread-28746#
[RestartAppStep] Application start timeout is default one: 3,600 seconds#
#2025 12 26 07:17:51.601#Z#DEBUG#a5dbbb41-e22a-11f0-9a68-eeee0a97013d.OPERATION#flowable-async-job-executor-thread-28746#
[RestartAppStep] Checking status of application "Hello-srv"...#
#2025 12 26 07:17:51.602#Z#DEBUG#a5dbbb41-e22a-11f0-9a68-eeee0a97013d.OPERATION#flowable-async-job-executor-thread-28746#
[RestartAppStep] Getting instances for application "Hello-srv"...#
#2025 12 26 07:17:51.638#Z#DEBUG#a5dbbb41-e22a-11f0-9a68-eeee0a97013d.OPERATION#flowable-async-job-executor-thread-28746#
[RestartAppStep] Application "Hello-srv": 0 of 1 instances running (1 crashed)#
#2025 12 26 07:17:51.684#Z#ERROR#a5dbbb41-e22a-11f0-9a68-eeee0a97013d.OPERATION#flowable-async-job-executor-thread-28746#
[RestartAppStep] Error starting application "Hello-srv": Some instances have crashed. Check the logs of your application for more information.
Download the application logs via the dmol command and check them for more information.#
#2025 12 26 07:17:51.689#Z#ERROR#a5dbbb41-e22a-11f0-9a68-eeee0a97013d.OPERATION#flowable-async-job-executor-thread-28746#
Exception caught#
org.cloudfoundry.multiapps.common.SLException: A step of the process has failed. Retrying it may solve the issue.
	at org.cloudfoundry.multiapps.controller.process.steps.SyncFlowableStep.executeInternal(SyncFlowableStep.java:76)
	at org.cloudfoundry.multiapps.controller.process.steps.SyncFlowableStep.lambda$execute$0(SyncFlowableStep.java:64)
	at org.cloudfoundry.multiapps.controller.core.util.LoggingUtil.logWithCorrelationId(LoggingUtil.java:14)
	at org.cloudfoundry.multiapps.controller.process.steps.SyncFlowableStep.execute(SyncFlowableStep.java:64)
	at org.flowable.engine.impl.delegate.invocation.JavaDelegateInvocation.invoke(JavaDelegateInvocation.java:35)
	at org.flowable.engine.impl.delegate.invocation.DelegateInvocation.proceed(DelegateInvocation.java:32)
	at org.flowable.engine.impl.delegate.invocation.DefaultDelegateInterceptor.handleInvocation(DefaultDelegateInterceptor.java:26)
	at org.flowable.engine.impl.bpmn.behavior.ServiceTaskDelegateExpressionActivityBehavior.execute(ServiceTaskDelegateExpressionActivityBehavior.java:177)
	at org.flowable.engine.impl.agenda.ContinueProcessOperation.executeActivityBehavior(ContinueProcessOperation.java:298)
	at org.flowable.engine.impl.agenda.ContinueProcessOperation.executeSynchronous(ContinueProcessOperation.java:175)
	at org.flowable.engine.impl.agenda.ContinueProcessOperation.continueThroughFlowNode(ContinueProcessOperation.java:125)
	at org.flowable.engine.impl.agenda.ContinueProcessOperation.run(ContinueProcessOperation.java:88)
	at org.flowable.common.engine.impl.AbstractEngineConfiguration.lambda$new$0(AbstractEngineConfiguration.java:198)
	at org.flowable.engine.impl.interceptor.CommandInvoker.executeOperation(CommandInvoker.java:189)
	at org.flowable.engine.impl.interceptor.CommandInvoker.executeOperations(CommandInvoker.java:128)
	at org.flowable.engine.impl.interceptor.CommandInvoker.execute(CommandInvoker.java:80)
	at org.flowable.engine.impl.interceptor.BpmnOverrideContextInterceptor.execute(BpmnOverrideContextInterceptor.java:26)
	at org.flowable.common.engine.impl.interceptor.TransactionContextInterceptor.execute(TransactionContextInterceptor.java:53)
	at org.flowable.common.engine.impl.interceptor.CommandContextInterceptor.execute(CommandContextInterceptor.java:105)
	at org.flowable.common.spring.SpringTransactionInterceptor.lambda$execute$0(SpringTransactionInterceptor.java:57)
	at org.springframework.transaction.support.TransactionTemplate.execute(TransactionTemplate.java:140)
	at org.flowable.common.spring.SpringTransactionInterceptor.execute(SpringTransactionInterceptor.java:57)
	at org.flowable.common.engine.impl.interceptor.LogInterceptor.execute(LogInterceptor.java:30)
	at org.flowable.common.engine.impl.cfg.CommandExecutorImpl.execute(CommandExecutorImpl.java:56)
	at org.flowable.common.engine.impl.cfg.CommandExecutorImpl.execute(CommandExecutorImpl.java:51)
	at org.flowable.job.service.impl.asyncexecutor.ExecuteAsyncRunnable.handleTransactionalJob(ExecuteAsyncRunnable.java:177)
	at org.flowable.job.service.impl.asyncexecutor.ExecuteAsyncRunnable.executeJob(ExecuteAsyncRunnable.java:146)
	at org.flowable.job.service.impl.asyncexecutor.ExecuteAsyncRunnable.runInternally(ExecuteAsyncRunnable.java:122)
	at org.flowable.job.service.impl.asyncexecutor.ExecuteAsyncRunnable.run(ExecuteAsyncRunnable.java:96)
	at java.base/java.util.concurrent.ThreadPoolExecutor.runWorker(ThreadPoolExecutor.java:1136)
	at java.base/java.util.concurrent.ThreadPoolExecutor$Worker.run(ThreadPoolExecutor.java:635)
	at java.base/java.lang.Thread.run(Thread.java:840)
#2025 12 26 07:17:51.693#Z#DEBUG#a5dbbb41-e22a-11f0-9a68-eeee0a97013d.OPERATION#flowable-async-job-executor-thread-28746#
Step "Start App" finished#
#2025 12 26 07:17:53.064#Z#DEBUG#a5dbbb41-e22a-11f0-9a68-eeee0a97013d.OPERATION#flowable-async-job-executor-thread-28745#
[RestartAppStep] Executing task "startAppTask" of process "f77ec7ce-e22a-11f0-b298-eeee0a8442d2"...#
#2025 12 26 07:17:53.066#Z#DEBUG#a5dbbb41-e22a-11f0-9a68-eeee0a97013d.OPERATION#flowable-async-job-executor-thread-28745#
[RestartAppStep] Application start timeout is default one: 3,600 seconds#
#2025 12 26 07:17:53.137#Z#DEBUG#a5dbbb41-e22a-11f0-9a68-eeee0a97013d.OPERATION#flowable-async-job-executor-thread-28745#
[RestartAppStep] Getting application "Hello-srv"...#
#2025 12 26 07:17:53.196#Z#INFO#a5dbbb41-e22a-11f0-9a68-eeee0a97013d.OPERATION#flowable-async-job-executor-thread-28745#
[RestartAppStep] Stopping application "Hello-srv"...#
#2025 12 26 07:17:53.200#Z#DEBUG#a5dbbb41-e22a-11f0-9a68-eeee0a97013d.OPERATION#flowable-async-job-executor-thread-28745#
[RestartAppStep] Stopping application "Hello-srv"...#
#2025 12 26 07:17:53.336#Z#INFO#a5dbbb41-e22a-11f0-9a68-eeee0a97013d.OPERATION#flowable-async-job-executor-thread-28745#
[RestartAppStep] Starting application "Hello-srv"...#
#2025 12 26 07:17:53.340#Z#DEBUG#a5dbbb41-e22a-11f0-9a68-eeee0a97013d.OPERATION#flowable-async-job-executor-thread-28745#
[RestartAppStep] Starting application "Hello-srv"...#
#2025 12 26 07:17:53.542#Z#DEBUG#a5dbbb41-e22a-11f0-9a68-eeee0a97013d.OPERATION#flowable-async-job-executor-thread-28745#
Step "Start App" finished#
#2025 12 26 07:18:01.622#Z#DEBUG#a5dbbb41-e22a-11f0-9a68-eeee0a97013d.OPERATION#flowable-async-job-executor-thread-28754#
[RestartAppStep] Executing task "startAppTask" of process "fe8a0fc2-e22a-11f0-b298-eeee0a8442d2"...#
#2025 12 26 07:18:01.623#Z#DEBUG#a5dbbb41-e22a-11f0-9a68-eeee0a97013d.OPERATION#flowable-async-job-executor-thread-28754#
[RestartAppStep] Application start timeout is default one: 3,600 seconds#
#2025 12 26 07:18:01.623#Z#DEBUG#a5dbbb41-e22a-11f0-9a68-eeee0a97013d.OPERATION#flowable-async-job-executor-thread-28754#
[RestartAppStep] Checking status of application "Hello-srv"...#
#2025 12 26 07:18:01.624#Z#DEBUG#a5dbbb41-e22a-11f0-9a68-eeee0a97013d.OPERATION#flowable-async-job-executor-thread-28754#
[RestartAppStep] Getting instances for application "Hello-srv"...#
#2025 12 26 07:18:01.675#Z#DEBUG#a5dbbb41-e22a-11f0-9a68-eeee0a97013d.OPERATION#flowable-async-job-executor-thread-28754#
[RestartAppStep] Application "Hello-srv": 0 of 1 instances running (1 starting)#
#2025 12 26 07:18:01.738#Z#DEBUG#a5dbbb41-e22a-11f0-9a68-eeee0a97013d.OPERATION#flowable-async-job-executor-thread-28754#
Step "Start App" finished#
#2025 12 26 07:18:11.631#Z#DEBUG#a5dbbb41-e22a-11f0-9a68-eeee0a97013d.OPERATION#flowable-async-job-executor-thread-28758#
[RestartAppStep] Executing task "startAppTask" of process "036cac9d-e22b-11f0-b298-eeee0a8442d2"...#
#2025 12 26 07:18:11.632#Z#DEBUG#a5dbbb41-e22a-11f0-9a68-eeee0a97013d.OPERATION#flowable-async-job-executor-thread-28758#
[RestartAppStep] Application start timeout is default one: 3,600 seconds#
#2025 12 26 07:18:11.632#Z#DEBUG#a5dbbb41-e22a-11f0-9a68-eeee0a97013d.OPERATION#flowable-async-job-executor-thread-28758#
[RestartAppStep] Checking status of application "Hello-srv"...#
#2025 12 26 07:18:11.633#Z#DEBUG#a5dbbb41-e22a-11f0-9a68-eeee0a97013d.OPERATION#flowable-async-job-executor-thread-28758#
[RestartAppStep] Getting instances for application "Hello-srv"...#
#2025 12 26 07:18:11.688#Z#DEBUG#a5dbbb41-e22a-11f0-9a68-eeee0a97013d.OPERATION#flowable-async-job-executor-thread-28758#
[RestartAppStep] Application "Hello-srv": 0 of 1 instances running (1 starting)#
#2025 12 26 07:18:11.736#Z#DEBUG#a5dbbb41-e22a-11f0-9a68-eeee0a97013d.OPERATION#flowable-async-job-executor-thread-28758#
Step "Start App" finished#
#2025 12 26 07:18:21.660#Z#DEBUG#a5dbbb41-e22a-11f0-9a68-eeee0a97013d.OPERATION#flowable-async-job-executor-thread-28765#
[RestartAppStep] Executing task "startAppTask" of process "0962183b-e22b-11f0-b298-eeee0a8442d2"...#
#2025 12 26 07:18:21.661#Z#DEBUG#a5dbbb41-e22a-11f0-9a68-eeee0a97013d.OPERATION#flowable-async-job-executor-thread-28765#
[RestartAppStep] Application start timeout is default one: 3,600 seconds#
#2025 12 26 07:18:21.662#Z#DEBUG#a5dbbb41-e22a-11f0-9a68-eeee0a97013d.OPERATION#flowable-async-job-executor-thread-28765#
[RestartAppStep] Checking status of application "Hello-srv"...#
#2025 12 26 07:18:21.662#Z#DEBUG#a5dbbb41-e22a-11f0-9a68-eeee0a97013d.OPERATION#flowable-async-job-executor-thread-28765#
[RestartAppStep] Getting instances for application "Hello-srv"...#
#2025 12 26 07:18:21.721#Z#DEBUG#a5dbbb41-e22a-11f0-9a68-eeee0a97013d.OPERATION#flowable-async-job-executor-thread-28765#
[RestartAppStep] Application "Hello-srv": 0 of 1 instances running (1 crashed)#
#2025 12 26 07:18:21.768#Z#ERROR#a5dbbb41-e22a-11f0-9a68-eeee0a97013d.OPERATION#flowable-async-job-executor-thread-28765#
[RestartAppStep] Error starting application "Hello-srv": Some instances have crashed. Check the logs of your application for more information.
Download the application logs via the dmol command and check them for more information.#
#2025 12 26 07:18:21.781#Z#ERROR#a5dbbb41-e22a-11f0-9a68-eeee0a97013d.OPERATION#flowable-async-job-executor-thread-28765#
Exception caught#
org.cloudfoundry.multiapps.common.SLException: A step of the process has failed. Retrying it may solve the issue.
	at org.cloudfoundry.multiapps.controller.process.steps.SyncFlowableStep.executeInternal(SyncFlowableStep.java:76)
	at org.cloudfoundry.multiapps.controller.process.steps.SyncFlowableStep.lambda$execute$0(SyncFlowableStep.java:64)
	at org.cloudfoundry.multiapps.controller.core.util.LoggingUtil.logWithCorrelationId(LoggingUtil.java:14)
	at org.cloudfoundry.multiapps.controller.process.steps.SyncFlowableStep.execute(SyncFlowableStep.java:64)
	at org.flowable.engine.impl.delegate.invocation.JavaDelegateInvocation.invoke(JavaDelegateInvocation.java:35)
	at org.flowable.engine.impl.delegate.invocation.DelegateInvocation.proceed(DelegateInvocation.java:32)
	at org.flowable.engine.impl.delegate.invocation.DefaultDelegateInterceptor.handleInvocation(DefaultDelegateInterceptor.java:26)
	at org.flowable.engine.impl.bpmn.behavior.ServiceTaskDelegateExpressionActivityBehavior.execute(ServiceTaskDelegateExpressionActivityBehavior.java:177)
	at org.flowable.engine.impl.agenda.ContinueProcessOperation.executeActivityBehavior(ContinueProcessOperation.java:298)
	at org.flowable.engine.impl.agenda.ContinueProcessOperation.executeSynchronous(ContinueProcessOperation.java:175)
	at org.flowable.engine.impl.agenda.ContinueProcessOperation.continueThroughFlowNode(ContinueProcessOperation.java:125)
	at org.flowable.engine.impl.agenda.ContinueProcessOperation.run(ContinueProcessOperation.java:88)
	at org.flowable.common.engine.impl.AbstractEngineConfiguration.lambda$new$0(AbstractEngineConfiguration.java:198)
	at org.flowable.engine.impl.interceptor.CommandInvoker.executeOperation(CommandInvoker.java:189)
	at org.flowable.engine.impl.interceptor.CommandInvoker.executeOperations(CommandInvoker.java:128)
	at org.flowable.engine.impl.interceptor.CommandInvoker.execute(CommandInvoker.java:80)
	at org.flowable.engine.impl.interceptor.BpmnOverrideContextInterceptor.execute(BpmnOverrideContextInterceptor.java:26)
	at org.flowable.common.engine.impl.interceptor.TransactionContextInterceptor.execute(TransactionContextInterceptor.java:53)
	at org.flowable.common.engine.impl.interceptor.CommandContextInterceptor.execute(CommandContextInterceptor.java:105)
	at org.flowable.common.spring.SpringTransactionInterceptor.lambda$execute$0(SpringTransactionInterceptor.java:57)
	at org.springframework.transaction.support.TransactionTemplate.execute(TransactionTemplate.java:140)
	at org.flowable.common.spring.SpringTransactionInterceptor.execute(SpringTransactionInterceptor.java:57)
	at org.flowable.common.engine.impl.interceptor.LogInterceptor.execute(LogInterceptor.java:30)
	at org.flowable.common.engine.impl.cfg.CommandExecutorImpl.execute(CommandExecutorImpl.java:56)
	at org.flowable.common.engine.impl.cfg.CommandExecutorImpl.execute(CommandExecutorImpl.java:51)
	at org.flowable.job.service.impl.asyncexecutor.ExecuteAsyncRunnable.handleTransactionalJob(ExecuteAsyncRunnable.java:177)
	at org.flowable.job.service.impl.asyncexecutor.ExecuteAsyncRunnable.executeJob(ExecuteAsyncRunnable.java:146)
	at org.flowable.job.service.impl.asyncexecutor.ExecuteAsyncRunnable.runInternally(ExecuteAsyncRunnable.java:122)
	at org.flowable.job.service.impl.asyncexecutor.ExecuteAsyncRunnable.run(ExecuteAsyncRunnable.java:96)
	at java.base/java.util.concurrent.ThreadPoolExecutor.runWorker(ThreadPoolExecutor.java:1136)
	at java.base/java.util.concurrent.ThreadPoolExecutor$Worker.run(ThreadPoolExecutor.java:635)
	at java.base/java.lang.Thread.run(Thread.java:840)
#2025 12 26 07:18:21.787#Z#DEBUG#a5dbbb41-e22a-11f0-9a68-eeee0a97013d.OPERATION#flowable-async-job-executor-thread-28765#
Step "Start App" finished#
